<?xml version="1.0" encoding="UTF-8"?>
<!-- Generated by org.testng.reporters.JUnitReportReporter -->
<testsuite hostname="MyHome" name="udp.CashFlowManagementFourHundredNintySixthPartTwo" tests="1" failures="0" timestamp="31 Mar 2019 02:32:06 GMT" time="197.874" errors="0">
  <testcase name="test" time="197.874" classname="udp.CashFlowManagementFourHundredNintySixthPartTwo"/>
</testsuite> <!-- udp.CashFlowManagementFourHundredNintySixthPartTwo -->
