<?xml version="1.0" encoding="UTF-8"?>
<!-- Generated by org.testng.reporters.JUnitReportReporter -->
<testsuite hostname="MyHome" name="users.AccountUsersFortySixth" tests="1" failures="0" timestamp="31 Mar 2019 12:10:40 GMT" time="40.416" errors="0">
  <testcase name="test" time="40.416" classname="users.AccountUsersFortySixth"/>
</testsuite> <!-- users.AccountUsersFortySixth -->
