<?xml version="1.0" encoding="UTF-8"?>
<!-- Generated by org.testng.reporters.JUnitReportReporter -->
<testsuite skipped="0" hostname="MyHome" name="usersManager.AccountUsersTwentyFifthMan" tests="1" failures="0" timestamp="27 мая 2018 15:21:04 GMT" time="18.088" errors="0">
  <testcase name="test" time="18.088" classname="usersManager.AccountUsersTwentyFifthMan"/>
</testsuite> <!-- usersManager.AccountUsersTwentyFifthMan -->
