<?xml version="1.0" encoding="UTF-8"?>
<!-- Generated by org.testng.reporters.JUnitReportReporter -->
<testsuite skipped="0" hostname="MyHome" name="udpPolzovatel.CashFlowManagementTwoHundredFortySixthPol" tests="1" failures="0" timestamp="10 июн 2018 18:58:13 GMT" time="78.723" errors="0">
  <testcase name="test" time="78.723" classname="udpPolzovatel.CashFlowManagementTwoHundredFortySixthPol"/>
</testsuite> <!-- udpPolzovatel.CashFlowManagementTwoHundredFortySixthPol -->
