<?xml version="1.0" encoding="UTF-8"?>
<!-- Generated by org.testng.reporters.JUnitReportReporter -->
<testsuite skipped="0" hostname="MyHome" name="editingProfile.EditingProfileThirtySeventh" tests="1" failures="0" timestamp="22 мар 2019 00:52:11 GMT" time="21.603" errors="0">
  <testcase name="test" time="21.603" classname="editingProfile.EditingProfileThirtySeventh"/>
</testsuite> <!-- editingProfile.EditingProfileThirtySeventh -->
