<?xml version="1.0" encoding="UTF-8"?>
<!-- Generated by org.testng.reporters.JUnitReportReporter -->
<testsuite hostname="MyHome" name="centers.CentersTwentyEighth" tests="1" failures="0" timestamp="31 Mar 2019 12:10:40 GMT" time="40.722" errors="0">
  <testcase name="test" time="40.722" classname="centers.CentersTwentyEighth"/>
</testsuite> <!-- centers.CentersTwentyEighth -->
