<?xml version="1.0" encoding="UTF-8"?>
<!-- Generated by org.testng.reporters.JUnitReportReporter -->
<testsuite skipped="0" hostname="MyHome" name="udp.CashFlowManagementOneHundredSeventies" tests="1" failures="0" timestamp="18 дек 2018 11:55:34 GMT" time="11.692" errors="0">
  <testcase name="test" time="11.692" classname="udp.CashFlowManagementOneHundredSeventies"/>
</testsuite> <!-- udp.CashFlowManagementOneHundredSeventies -->
