<?xml version="1.0" encoding="UTF-8"?>
<!-- Generated by org.testng.reporters.JUnitReportReporter -->
<testsuite skipped="0" hostname="MyHome" name="editingProfile.EditingProfileTwentieth" tests="1" failures="0" timestamp="23 окт 2018 18:57:41 GMT" time="13.677" errors="0">
  <testcase name="test" time="13.677" classname="editingProfile.EditingProfileTwentieth"/>
</testsuite> <!-- editingProfile.EditingProfileTwentieth -->
