<?xml version="1.0" encoding="UTF-8"?>
<!-- Generated by org.testng.reporters.JUnitReportReporter -->
<testsuite skipped="0" hostname="MyHome" name="editingAccount.EditingAccountTwentyThirdPartTwo" tests="1" failures="0" timestamp="22 окт 2018 19:43:12 GMT" time="15.640" errors="0">
  <testcase name="test" time="15.640" classname="editingAccount.EditingAccountTwentyThirdPartTwo"/>
</testsuite> <!-- editingAccount.EditingAccountTwentyThirdPartTwo -->
