<?xml version="1.0" encoding="UTF-8"?>
<!-- Generated by org.testng.reporters.JUnitReportReporter -->
<testsuite skipped="0" hostname="MyHome" name="usersManager.AccountUsersEleventhMan" tests="1" failures="0" timestamp="27 мая 2018 15:21:03 GMT" time="28.735" errors="0">
  <testcase name="test" time="28.735" classname="usersManager.AccountUsersEleventhMan"/>
</testsuite> <!-- usersManager.AccountUsersEleventhMan -->
