<?xml version="1.0" encoding="UTF-8"?>
<!-- Generated by org.testng.reporters.JUnitReportReporter -->
<testsuite skipped="0" hostname="MyHome" name="udpPolzovatel.CashFlowManagementFiveHundredSeventyFifthPartTwoPol" tests="1" failures="0" timestamp="05 июл 2018 14:22:28 GMT" time="101.116" errors="0">
  <testcase name="test" time="101.116" classname="udpPolzovatel.CashFlowManagementFiveHundredSeventyFifthPartTwoPol"/>
</testsuite> <!-- udpPolzovatel.CashFlowManagementFiveHundredSeventyFifthPartTwoPol -->
