<?xml version="1.0" encoding="UTF-8"?>
<!-- Generated by org.testng.reporters.JUnitReportReporter -->
<testsuite skipped="0" hostname="MyHome" name="udpPolzovatel.CashFlowManagementThreeHundredSixtySeventhPol" tests="1" failures="0" timestamp="10 июн 2018 18:58:14 GMT" time="167.831" errors="0">
  <testcase name="test" time="167.831" classname="udpPolzovatel.CashFlowManagementThreeHundredSixtySeventhPol"/>
</testsuite> <!-- udpPolzovatel.CashFlowManagementThreeHundredSixtySeventhPol -->
