<?xml version="1.0" encoding="UTF-8"?>
<!-- Generated by org.testng.reporters.JUnitReportReporter -->
<testsuite skipped="0" hostname="MyHome" name="udp.CashFlowManagementTwoHundredSeventh" tests="1" failures="0" timestamp="22 мар 2019 14:33:31 GMT" time="37.882" errors="0">
  <testcase name="test" time="37.882" classname="udp.CashFlowManagementTwoHundredSeventh"/>
</testsuite> <!-- udp.CashFlowManagementTwoHundredSeventh -->
