<?xml version="1.0" encoding="UTF-8"?>
<!-- Generated by org.testng.reporters.JUnitReportReporter -->
<testsuite skipped="0" hostname="MyHome" name="udpManager.CashFlowManagementOneHundredSixtyFourthMan" tests="1" failures="0" timestamp="03 июл 2018 07:10:42 GMT" time="44.382" errors="0">
  <testcase name="test" time="44.382" classname="udpManager.CashFlowManagementOneHundredSixtyFourthMan"/>
</testsuite> <!-- udpManager.CashFlowManagementOneHundredSixtyFourthMan -->
