<?xml version="1.0" encoding="UTF-8"?>
<!-- Generated by org.testng.reporters.JUnitReportReporter -->
<testsuite skipped="0" hostname="MyHome" name="centersManager.CentersSecondMan" tests="1" failures="0" timestamp="12 июл 2018 15:15:03 GMT" time="53.277" errors="0">
  <testcase name="test" time="53.277" classname="centersManager.CentersSecondMan"/>
</testsuite> <!-- centersManager.CentersSecondMan -->
