<?xml version="1.0" encoding="UTF-8"?>
<!-- Generated by org.testng.reporters.JUnitReportReporter -->
<testsuite skipped="0" hostname="MyHome" name="udpPolzovatel.CashFlowManagementEightySixthPol" tests="1" failures="0" timestamp="04 июл 2018 14:55:47 GMT" time="36.893" errors="0">
  <testcase name="test" time="36.893" classname="udpPolzovatel.CashFlowManagementEightySixthPol"/>
</testsuite> <!-- udpPolzovatel.CashFlowManagementEightySixthPol -->
