<?xml version="1.0" encoding="UTF-8"?>
<!-- Generated by org.testng.reporters.JUnitReportReporter -->
<testsuite skipped="0" hostname="MyHome" name="common.CommonEighteenth" tests="1" failures="0" timestamp="21 мар 2019 21:09:06 GMT" time="4.665" errors="0">
  <testcase name="test" time="4.665" classname="common.CommonEighteenth"/>
</testsuite> <!-- common.CommonEighteenth -->
