<?xml version="1.0" encoding="UTF-8"?>
<!-- Generated by org.testng.reporters.JUnitReportReporter -->
<testsuite skipped="0" hostname="MyHome" name="udpPolzovatel.CashFlowManagementOneHundredSixtyNinthPol" tests="1" failures="0" timestamp="03 июл 2018 07:10:42 GMT" time="21.541" errors="0">
  <testcase name="test" time="21.541" classname="udpPolzovatel.CashFlowManagementOneHundredSixtyNinthPol"/>
</testsuite> <!-- udpPolzovatel.CashFlowManagementOneHundredSixtyNinthPol -->
