<?xml version="1.0" encoding="UTF-8"?>
<!-- Generated by org.testng.reporters.JUnitReportReporter -->
<testsuite skipped="0" hostname="MyHome" name="udp.CashFlowManagementTwoHundredSeventyNinth" tests="1" failures="0" timestamp="22 мар 2019 14:33:33 GMT" time="51.164" errors="0">
  <testcase name="test" time="51.164" classname="udp.CashFlowManagementTwoHundredSeventyNinth"/>
</testsuite> <!-- udp.CashFlowManagementTwoHundredSeventyNinth -->
