<?xml version="1.0" encoding="UTF-8"?>
<!-- Generated by org.testng.reporters.JUnitReportReporter -->
<testsuite skipped="0" hostname="MyHome" name="centers.CentersTwelfth" tests="1" failures="0" timestamp="22 мар 2019 00:52:12 GMT" time="60.040" errors="0">
  <testcase name="test" time="60.040" classname="centers.CentersTwelfth"/>
</testsuite> <!-- centers.CentersTwelfth -->
