<?xml version="1.0" encoding="UTF-8"?>
<!-- Generated by org.testng.reporters.JUnitReportReporter -->
<testsuite skipped="0" hostname="MyHome" name="ratePolzovatel.RateFiftyFourthPol" tests="1" failures="0" timestamp="11 июл 2018 07:23:13 GMT" time="21.137" errors="0">
  <testcase name="test" time="21.137" classname="ratePolzovatel.RateFiftyFourthPol"/>
</testsuite> <!-- ratePolzovatel.RateFiftyFourthPol -->
