<?xml version="1.0" encoding="UTF-8"?>
<!-- Generated by org.testng.reporters.JUnitReportReporter -->
<testsuite skipped="0" hostname="MyHome" name="udpPolzovatel.CashFlowManagementTwoHundredTwentySixthPol" tests="1" failures="0" timestamp="10 июн 2018 18:58:13 GMT" time="54.226" errors="0">
  <testcase name="test" time="54.226" classname="udpPolzovatel.CashFlowManagementTwoHundredTwentySixthPol"/>
</testsuite> <!-- udpPolzovatel.CashFlowManagementTwoHundredTwentySixthPol -->
