<?xml version="1.0" encoding="UTF-8"?>
<!-- Generated by org.testng.reporters.JUnitReportReporter -->
<testsuite skipped="0" hostname="MyHome" name="rate.RateTwentyFirst" tests="1" failures="0" timestamp="21 фев 2019 09:18:43 GMT" time="11.277" errors="0">
  <testcase name="test" time="11.277" classname="rate.RateTwentyFirst"/>
</testsuite> <!-- rate.RateTwentyFirst -->
