<?xml version="1.0" encoding="UTF-8"?>
<!-- Generated by org.testng.reporters.JUnitReportReporter -->
<testsuite skipped="0" hostname="MyHome" name="udpPolzovatel.CashFlowManagementFortyFourthPol" tests="1" failures="0" timestamp="10 июн 2018 18:58:14 GMT" time="19.504" errors="0">
  <testcase name="test" time="19.504" classname="udpPolzovatel.CashFlowManagementFortyFourthPol"/>
</testsuite> <!-- udpPolzovatel.CashFlowManagementFortyFourthPol -->
