<?xml version="1.0" encoding="UTF-8"?>
<!-- Generated by org.testng.reporters.JUnitReportReporter -->
<testsuite skipped="0" hostname="MyHome" name="rateManager.RateOneHundredSeventySecondMan" tests="1" failures="0" timestamp="12 июл 2018 08:23:50 GMT" time="784.928" errors="0">
  <testcase name="test" time="784.928" classname="rateManager.RateOneHundredSeventySecondMan"/>
</testsuite> <!-- rateManager.RateOneHundredSeventySecondMan -->
