<?xml version="1.0" encoding="UTF-8"?>
<!-- Generated by org.testng.reporters.JUnitReportReporter -->
<testsuite skipped="0" hostname="MyHome" name="ratePolzovatel.RateOneHundredSixtyFirstPol" tests="1" failures="0" timestamp="11 июл 2018 07:23:12 GMT" time="16.334" errors="0">
  <testcase name="test" time="16.334" classname="ratePolzovatel.RateOneHundredSixtyFirstPol"/>
</testsuite> <!-- ratePolzovatel.RateOneHundredSixtyFirstPol -->
