<?xml version="1.0" encoding="UTF-8"?>
<!-- Generated by org.testng.reporters.JUnitReportReporter -->
<testsuite skipped="0" hostname="MyHome" name="udpManager.CashFlowManagementThreeHundredNintyThirdMan" tests="1" failures="0" timestamp="10 июн 2018 10:54:28 GMT" time="118.434" errors="0">
  <testcase name="test" time="118.434" classname="udpManager.CashFlowManagementThreeHundredNintyThirdMan"/>
</testsuite> <!-- udpManager.CashFlowManagementThreeHundredNintyThirdMan -->
