<?xml version="1.0" encoding="UTF-8"?>
<!-- Generated by org.testng.reporters.JUnitReportReporter -->
<testsuite skipped="0" hostname="MyHome" name="ratePolzovatel.RateOneHundredNinteenthPol" tests="1" failures="0" timestamp="11 июл 2018 07:23:13 GMT" time="17.179" errors="0">
  <testcase name="test" time="17.179" classname="ratePolzovatel.RateOneHundredNinteenthPol"/>
</testsuite> <!-- ratePolzovatel.RateOneHundredNinteenthPol -->
