<?xml version="1.0" encoding="UTF-8"?>
<!-- Generated by org.testng.reporters.JUnitReportReporter -->
<testsuite hostname="MyHome" name="common.CommonFirst" tests="1" failures="0" timestamp="26 Mar 2019 20:02:49 GMT" time="7.169" errors="0">
  <testcase name="test" time="7.169" classname="common.CommonFirst"/>
</testsuite> <!-- common.CommonFirst -->
