<?xml version="1.0" encoding="UTF-8"?>
<!-- Generated by org.testng.reporters.JUnitReportReporter -->
<testsuite skipped="0" hostname="MyHome" name="udpPolzovatel.CashFlowManagementFourHundredSecondPol" tests="1" failures="0" timestamp="10 июн 2018 18:58:12 GMT" time="140.890" errors="0">
  <testcase name="test" time="140.890" classname="udpPolzovatel.CashFlowManagementFourHundredSecondPol"/>
</testsuite> <!-- udpPolzovatel.CashFlowManagementFourHundredSecondPol -->
