<?xml version="1.0" encoding="UTF-8"?>
<!-- Generated by org.testng.reporters.JUnitReportReporter -->
<testsuite skipped="0" hostname="MyHome" name="entranceManager.EntranceNinthMan" tests="1" failures="0" timestamp="09 июл 2018 14:12:56 GMT" time="15.371" errors="0">
  <testcase name="test" time="15.371" classname="entranceManager.EntranceNinthMan"/>
</testsuite> <!-- entranceManager.EntranceNinthMan -->
