<?xml version="1.0" encoding="UTF-8"?>
<!-- Generated by org.testng.reporters.JUnitReportReporter -->
<testsuite hostname="MyHome" name="users.AccountUsersFortyThird" tests="1" failures="0" timestamp="31 Mar 2019 12:10:40 GMT" time="36.498" errors="0">
  <testcase name="test" time="36.498" classname="users.AccountUsersFortyThird"/>
</testsuite> <!-- users.AccountUsersFortyThird -->
