<?xml version="1.0" encoding="UTF-8"?>
<!-- Generated by org.testng.reporters.JUnitReportReporter -->
<testsuite skipped="0" hostname="MyHome" name="udpPolzovatel.CashFlowManagementThreeHundredNintySixthPol" tests="1" failures="0" timestamp="10 июн 2018 19:12:42 GMT" time="142.841" errors="0">
  <testcase name="test" time="142.841" classname="udpPolzovatel.CashFlowManagementThreeHundredNintySixthPol"/>
</testsuite> <!-- udpPolzovatel.CashFlowManagementThreeHundredNintySixthPol -->
