<?xml version="1.0" encoding="UTF-8"?>
<!-- Generated by org.testng.reporters.JUnitReportReporter -->
<testsuite skipped="0" hostname="MyHome" name="udpPolzovatel.CashFlowManagementOneHundredTwentySecondPol" tests="1" failures="0" timestamp="10 июн 2018 18:58:12 GMT" time="28.214" errors="0">
  <testcase name="test" time="28.214" classname="udpPolzovatel.CashFlowManagementOneHundredTwentySecondPol"/>
</testsuite> <!-- udpPolzovatel.CashFlowManagementOneHundredTwentySecondPol -->
