<?xml version="1.0" encoding="UTF-8"?>
<!-- Generated by org.testng.reporters.JUnitReportReporter -->
<testsuite skipped="0" hostname="MyHome" name="udpManager.CashFlowManagementOneHundredFortySeventhMan" tests="1" failures="0" timestamp="10 июн 2018 11:22:49 GMT" time="85.076" errors="0">
  <testcase name="test" time="85.076" classname="udpManager.CashFlowManagementOneHundredFortySeventhMan"/>
</testsuite> <!-- udpManager.CashFlowManagementOneHundredFortySeventhMan -->
