<?xml version="1.0" encoding="UTF-8"?>
<!-- Generated by org.testng.reporters.JUnitReportReporter -->
<testsuite skipped="0" hostname="MyHome" name="udpPolzovatel.CashFlowManagementThreeHundredThirdPol" tests="1" failures="0" timestamp="19 июл 2018 14:23:06 GMT" time="199.790" errors="0">
  <testcase name="test" time="199.790" classname="udpPolzovatel.CashFlowManagementThreeHundredThirdPol"/>
</testsuite> <!-- udpPolzovatel.CashFlowManagementThreeHundredThirdPol -->
