<?xml version="1.0" encoding="UTF-8"?>
<!-- Generated by org.testng.reporters.JUnitReportReporter -->
<testsuite skipped="0" hostname="omishchenko" name="pv.SalesForecastOneHundredTwentyEighthPartTwo" tests="1" failures="0" timestamp="20 окт 2018 01:32:56 GMT" time="48.840" errors="0">
  <testcase name="test" time="48.840" classname="pv.SalesForecastOneHundredTwentyEighthPartTwo"/>
</testsuite> <!-- pv.SalesForecastOneHundredTwentyEighthPartTwo -->
