<?xml version="1.0" encoding="UTF-8"?>
<!-- Generated by org.testng.reporters.JUnitReportReporter -->
<testsuite skipped="0" hostname="MyHome" name="udp.CashFlowManagementThird" tests="1" failures="0" timestamp="01 мар 2019 12:21:34 GMT" time="30.368" errors="0">
  <testcase name="test" time="30.368" classname="udp.CashFlowManagementThird"/>
</testsuite> <!-- udp.CashFlowManagementThird -->
