<?xml version="1.0" encoding="UTF-8"?>
<!-- Generated by org.testng.reporters.JUnitReportReporter -->
<testsuite skipped="0" hostname="MyHome" name="udpPolzovatel.CashFlowManagementOneHundredFifthPol" tests="1" failures="0" timestamp="10 июн 2018 18:58:14 GMT" time="20.125" errors="0">
  <testcase name="test" time="20.125" classname="udpPolzovatel.CashFlowManagementOneHundredFifthPol"/>
</testsuite> <!-- udpPolzovatel.CashFlowManagementOneHundredFifthPol -->
