<?xml version="1.0" encoding="UTF-8"?>
<!-- Generated by org.testng.reporters.JUnitReportReporter -->
<testsuite skipped="0" hostname="MyHome" name="udp.CashFlowManagementThreeHundredSecond" tests="1" failures="0" timestamp="22 мар 2019 14:33:32 GMT" time="177.496" errors="0">
  <testcase name="test" time="177.496" classname="udp.CashFlowManagementThreeHundredSecond"/>
</testsuite> <!-- udp.CashFlowManagementThreeHundredSecond -->
