<?xml version="1.0" encoding="UTF-8"?>
<!-- Generated by org.testng.reporters.JUnitReportReporter -->
<testsuite skipped="0" hostname="MyHome" name="ratePolzovatel.RateOneHundredThirtyFifthPol" tests="1" failures="0" timestamp="11 июл 2018 07:23:13 GMT" time="11.473" errors="0">
  <testcase name="test" time="11.473" classname="ratePolzovatel.RateOneHundredThirtyFifthPol"/>
</testsuite> <!-- ratePolzovatel.RateOneHundredThirtyFifthPol -->
