<?xml version="1.0" encoding="UTF-8"?>
<!-- Generated by org.testng.reporters.JUnitReportReporter -->
<testsuite skipped="0" hostname="MyHome" name="editingProfile.EditingProfileFortiesSecondPart" tests="1" failures="0" timestamp="22 мар 2019 00:52:11 GMT" time="4.185" errors="0">
  <testcase name="test" time="4.185" classname="editingProfile.EditingProfileFortiesSecondPart"/>
</testsuite> <!-- editingProfile.EditingProfileFortiesSecondPart -->
