<?xml version="1.0" encoding="UTF-8"?>
<!-- Generated by org.testng.reporters.JUnitReportReporter -->
<testsuite hostname="MyHome" name="tests.AuthorizationNonexistentUser_2" tests="1" failures="0" timestamp="3 Apr 2019 19:43:02 GMT" time="9.588" errors="0">
  <testcase name="test" time="9.588" classname="tests.AuthorizationNonexistentUser_2"/>
</testsuite> <!-- tests.AuthorizationNonexistentUser_2 -->
