<?xml version="1.0" encoding="UTF-8"?>
<!-- Generated by org.testng.reporters.JUnitReportReporter -->
<testsuite skipped="0" hostname="MyHome" name="rateManager.RateFiftyFourthMan" tests="1" failures="0" timestamp="12 июл 2018 08:10:11 GMT" time="21.289" errors="0">
  <testcase name="test" time="21.289" classname="rateManager.RateFiftyFourthMan"/>
</testsuite> <!-- rateManager.RateFiftyFourthMan -->
