<?xml version="1.0" encoding="UTF-8"?>
<!-- Generated by org.testng.reporters.JUnitReportReporter -->
<testsuite skipped="0" hostname="MyHome" name="rate.RateThirtySeventh" tests="1" failures="0" timestamp="21 фев 2019 18:57:13 GMT" time="34.117" errors="0">
  <testcase name="test" time="34.117" classname="rate.RateThirtySeventh"/>
</testsuite> <!-- rate.RateThirtySeventh -->
