<?xml version="1.0" encoding="UTF-8"?>
<!-- Generated by org.testng.reporters.JUnitReportReporter -->
<testsuite skipped="0" hostname="MyHome" name="udpManager.CashFlowManagementOneHundredEightyThirdMan" tests="1" failures="0" timestamp="05 июн 2018 18:58:21 GMT" time="95.478" errors="0">
  <testcase name="test" time="95.478" classname="udpManager.CashFlowManagementOneHundredEightyThirdMan"/>
</testsuite> <!-- udpManager.CashFlowManagementOneHundredEightyThirdMan -->
