<?xml version="1.0" encoding="UTF-8"?>
<!-- Generated by org.testng.reporters.JUnitReportReporter -->
<testsuite skipped="0" hostname="MyHome" name="rate.RateOneHundredThirteenth" tests="1" failures="0" timestamp="21 фев 2019 09:18:45 GMT" time="6.334" errors="0">
  <testcase name="test" time="6.334" classname="rate.RateOneHundredThirteenth"/>
</testsuite> <!-- rate.RateOneHundredThirteenth -->
