<?xml version="1.0" encoding="UTF-8"?>
<!-- Generated by org.testng.reporters.JUnitReportReporter -->
<testsuite hostname="MyHome" name="accountSettings.CopyOfAuthorizationUserWithoutCredantials_4" tests="1" failures="0" timestamp="3 Apr 2019 11:15:27 GMT" time="7.924" errors="0">
  <testcase name="test" time="7.924" classname="accountSettings.CopyOfAuthorizationUserWithoutCredantials_4"/>
</testsuite> <!-- accountSettings.CopyOfAuthorizationUserWithoutCredantials_4 -->
