<?xml version="1.0" encoding="UTF-8"?>
<!-- Generated by org.testng.reporters.JUnitReportReporter -->
<testsuite hostname="MyHome" name="udp.CashFlowManagementThreeHundredEightySixth" tests="1" failures="0" timestamp="31 Mar 2019 02:32:06 GMT" time="35.648" errors="0">
  <testcase name="test" time="35.648" classname="udp.CashFlowManagementThreeHundredEightySixth"/>
</testsuite> <!-- udp.CashFlowManagementThreeHundredEightySixth -->
