<?xml version="1.0" encoding="UTF-8"?>
<!-- Generated by org.testng.reporters.JUnitReportReporter -->
<testsuite skipped="0" hostname="MyHome" name="udpPolzovatel.CashFlowManagementThirtySixthPol" tests="1" failures="0" timestamp="10 июн 2018 18:58:15 GMT" time="37.110" errors="0">
  <testcase name="test" time="37.110" classname="udpPolzovatel.CashFlowManagementThirtySixthPol"/>
</testsuite> <!-- udpPolzovatel.CashFlowManagementThirtySixthPol -->
