<?xml version="1.0" encoding="UTF-8"?>
<!-- Generated by org.testng.reporters.JUnitReportReporter -->
<testsuite skipped="0" hostname="MyHome" name="udpManager.CashFlowManagementThreeHundredSeventySeventhMan" tests="1" failures="0" timestamp="10 июн 2018 10:54:27 GMT" time="38.997" errors="0">
  <testcase name="test" time="38.997" classname="udpManager.CashFlowManagementThreeHundredSeventySeventhMan"/>
</testsuite> <!-- udpManager.CashFlowManagementThreeHundredSeventySeventhMan -->
