<?xml version="1.0" encoding="UTF-8"?>
<!-- Generated by org.testng.reporters.JUnitReportReporter -->
<testsuite skipped="0" hostname="MyHome" name="rate.RateOneHundredEighteenth" tests="1" failures="0" timestamp="21 фев 2019 09:18:45 GMT" time="10.958" errors="0">
  <testcase name="test" time="10.958" classname="rate.RateOneHundredEighteenth"/>
</testsuite> <!-- rate.RateOneHundredEighteenth -->
