<?xml version="1.0" encoding="UTF-8"?>
<!-- Generated by org.testng.reporters.JUnitReportReporter -->
<testsuite skipped="0" hostname="MyHome" name="udpPolzovatel.CashFlowManagementOneHundredSeventySecondPol" tests="1" failures="0" timestamp="10 июн 2018 18:58:12 GMT" time="29.349" errors="0">
  <testcase name="test" time="29.349" classname="udpPolzovatel.CashFlowManagementOneHundredSeventySecondPol"/>
</testsuite> <!-- udpPolzovatel.CashFlowManagementOneHundredSeventySecondPol -->
