<?xml version="1.0" encoding="UTF-8"?>
<!-- Generated by org.testng.reporters.JUnitReportReporter -->
<testsuite skipped="0" hostname="MyHome" name="udpPolzovatel.CashFlowManagementTwoHundredNintySeventhPol" tests="1" failures="0" timestamp="10 июн 2018 18:58:14 GMT" time="148.651" errors="0">
  <testcase name="test" time="148.651" classname="udpPolzovatel.CashFlowManagementTwoHundredNintySeventhPol"/>
</testsuite> <!-- udpPolzovatel.CashFlowManagementTwoHundredNintySeventhPol -->
