<?xml version="1.0" encoding="UTF-8"?>
<!-- Generated by org.testng.reporters.JUnitReportReporter -->
<testsuite skipped="0" hostname="MyHome" name="udpPolzovatel.CashFlowManagementFiveHundredSecondPol" tests="1" failures="0" timestamp="05 июл 2018 14:08:31 GMT" time="54.156" errors="0">
  <testcase name="test" time="54.156" classname="udpPolzovatel.CashFlowManagementFiveHundredSecondPol"/>
</testsuite> <!-- udpPolzovatel.CashFlowManagementFiveHundredSecondPol -->
