<?xml version="1.0" encoding="UTF-8"?>
<!-- Generated by org.testng.reporters.JUnitReportReporter -->
<testsuite skipped="0" hostname="MyHome" name="pv.SalesForecastNintySecond" tests="1" failures="0" timestamp="22 мар 2019 00:52:12 GMT" time="81.624" errors="0">
  <testcase name="test" time="81.624" classname="pv.SalesForecastNintySecond"/>
</testsuite> <!-- pv.SalesForecastNintySecond -->
