<?xml version="1.0" encoding="UTF-8"?>
<!-- Generated by org.testng.reporters.JUnitReportReporter -->
<testsuite skipped="0" hostname="MyHome" name="udpPolzovatel.CashFlowManagementTwentySeventhPol" tests="1" failures="0" timestamp="07 июн 2018 09:49:43 GMT" time="36.299" errors="0">
  <testcase name="test" time="36.299" classname="udpPolzovatel.CashFlowManagementTwentySeventhPol"/>
</testsuite> <!-- udpPolzovatel.CashFlowManagementTwentySeventhPol -->
