<?xml version="1.0" encoding="UTF-8"?>
<!-- Generated by org.testng.reporters.JUnitReportReporter -->
<testsuite skipped="0" hostname="MyHome" name="commonPolzovatel.CommonThirteenthPol" tests="1" failures="0" timestamp="22 окт 2018 18:33:47 GMT" time="18.271" errors="0">
  <testcase name="test" time="18.271" classname="commonPolzovatel.CommonThirteenthPol"/>
</testsuite> <!-- commonPolzovatel.CommonThirteenthPol -->
