<?xml version="1.0" encoding="UTF-8"?>
<!-- Generated by org.testng.reporters.JUnitReportReporter -->
<testsuite skipped="0" hostname="MyHome" name="editingProfile.EditingProfileFortyFifthPartTwo" tests="1" failures="0" timestamp="23 окт 2018 18:57:41 GMT" time="13.399" errors="0">
  <testcase name="test" time="13.399" classname="editingProfile.EditingProfileFortyFifthPartTwo"/>
</testsuite> <!-- editingProfile.EditingProfileFortyFifthPartTwo -->
