<?xml version="1.0" encoding="UTF-8"?>
<!-- Generated by org.testng.reporters.JUnitReportReporter -->
<testsuite skipped="0" hostname="MyHome" name="editingProfileManager.EditingProfileFortySecondMan" tests="1" failures="0" timestamp="12 июн 2018 15:52:27 GMT" time="18.683" errors="0">
  <testcase name="test" time="18.683" classname="editingProfileManager.EditingProfileFortySecondMan"/>
</testsuite> <!-- editingProfileManager.EditingProfileFortySecondMan -->
