<?xml version="1.0" encoding="UTF-8"?>
<!-- Generated by org.testng.reporters.JUnitReportReporter -->
<testsuite skipped="0" hostname="MyHome" name="editingAccount.EditingAccountThirteenth" tests="1" failures="0" timestamp="21 мар 2019 21:03:16 GMT" time="17.183" errors="0">
  <testcase name="test" time="17.183" classname="editingAccount.EditingAccountThirteenth"/>
</testsuite> <!-- editingAccount.EditingAccountThirteenth -->
