<?xml version="1.0" encoding="UTF-8"?>
<!-- Generated by org.testng.reporters.JUnitReportReporter -->
<testsuite skipped="0" hostname="MyHome" name="udp.CashFlowManagementOneHundredEleventhPartTwo" tests="1" failures="0" timestamp="22 мар 2019 14:33:32 GMT" time="10.629" errors="0">
  <testcase name="test" time="10.629" classname="udp.CashFlowManagementOneHundredEleventhPartTwo"/>
</testsuite> <!-- udp.CashFlowManagementOneHundredEleventhPartTwo -->
