<?xml version="1.0" encoding="UTF-8"?>
<!-- Generated by org.testng.reporters.JUnitReportReporter -->
<testsuite skipped="0" hostname="MyHome" name="rate.RateOneHundredFourtyThird" tests="1" failures="0" timestamp="21 фев 2019 09:18:44 GMT" time="31.888" errors="0">
  <testcase name="test" time="31.888" classname="rate.RateOneHundredFourtyThird"/>
</testsuite> <!-- rate.RateOneHundredFourtyThird -->
