<?xml version="1.0" encoding="UTF-8"?>
<!-- Generated by org.testng.reporters.JUnitReportReporter -->
<testsuite skipped="0" hostname="MyHome" name="udpPolzovatel.CashFlowManagementOneHundredEightyFourthPol" tests="1" failures="0" timestamp="10 июн 2018 18:58:14 GMT" time="28.592" errors="0">
  <testcase name="test" time="28.592" classname="udpPolzovatel.CashFlowManagementOneHundredEightyFourthPol"/>
</testsuite> <!-- udpPolzovatel.CashFlowManagementOneHundredEightyFourthPol -->
