<?xml version="1.0" encoding="UTF-8"?>
<!-- Generated by org.testng.reporters.JUnitReportReporter -->
<testsuite skipped="0" hostname="MyHome" name="udpManager.CashFlowManagementThreeHundredSixthMan" tests="1" failures="0" timestamp="06 июн 2018 09:20:12 GMT" time="183.722" errors="0">
  <testcase name="test" time="183.722" classname="udpManager.CashFlowManagementThreeHundredSixthMan"/>
</testsuite> <!-- udpManager.CashFlowManagementThreeHundredSixthMan -->
