<?xml version="1.0" encoding="UTF-8"?>
<!-- Generated by org.testng.reporters.JUnitReportReporter -->
<testsuite skipped="0" hostname="MyHome" name="udpManager.CashFlowManagementOneHundredEightyFourthMan" tests="1" failures="0" timestamp="05 июн 2018 18:58:20 GMT" time="38.555" errors="0">
  <testcase name="test" time="38.555" classname="udpManager.CashFlowManagementOneHundredEightyFourthMan"/>
</testsuite> <!-- udpManager.CashFlowManagementOneHundredEightyFourthMan -->
