<?xml version="1.0" encoding="UTF-8"?>
<!-- Generated by org.testng.reporters.JUnitReportReporter -->
<testsuite skipped="0" hostname="MyHome" name="udp.CashFlowManagementFirst" tests="1" failures="0" timestamp="01 мар 2019 12:21:32 GMT" time="31.235" errors="0">
  <testcase name="test" time="31.235" classname="udp.CashFlowManagementFirst"/>
</testsuite> <!-- udp.CashFlowManagementFirst -->
