<?xml version="1.0" encoding="UTF-8"?>
<!-- Generated by org.testng.reporters.JUnitReportReporter -->
<testsuite skipped="0" hostname="MyHome" name="accountSettings.AccountSettingsTwentySecond" tests="1" failures="0" timestamp="21 мар 2019 21:03:17 GMT" time="9.241" errors="0">
  <testcase name="test" time="9.241" classname="accountSettings.AccountSettingsTwentySecond"/>
</testsuite> <!-- accountSettings.AccountSettingsTwentySecond -->
