<?xml version="1.0" encoding="UTF-8"?>
<!-- Generated by org.testng.reporters.JUnitReportReporter -->
<testsuite hostname="MyHome" name="tests.AuthorizationOldUser_1" tests="1" failures="0" timestamp="3 Apr 2019 19:43:02 GMT" time="9.484" errors="0">
  <testcase name="test" time="9.484" classname="tests.AuthorizationOldUser_1"/>
</testsuite> <!-- tests.AuthorizationOldUser_1 -->
