<?xml version="1.0" encoding="UTF-8"?>
<!-- Generated by org.testng.reporters.JUnitReportReporter -->
<testsuite skipped="0" hostname="MyHome" name="udpManager.CashFlowManagementFourHundredSixtyNinthMan" tests="1" failures="0" timestamp="10 июн 2018 10:54:28 GMT" time="64.619" errors="0">
  <testcase name="test" time="64.619" classname="udpManager.CashFlowManagementFourHundredSixtyNinthMan"/>
</testsuite> <!-- udpManager.CashFlowManagementFourHundredSixtyNinthMan -->
