<?xml version="1.0" encoding="UTF-8"?>
<!-- Generated by org.testng.reporters.JUnitReportReporter -->
<testsuite skipped="0" hostname="MyHome" name="udpPolzovatel.CashFlowManagementThreeHundredSixtyNinthPol" tests="1" failures="0" timestamp="10 июн 2018 18:58:13 GMT" time="181.952" errors="0">
  <testcase name="test" time="181.952" classname="udpPolzovatel.CashFlowManagementThreeHundredSixtyNinthPol"/>
</testsuite> <!-- udpPolzovatel.CashFlowManagementThreeHundredSixtyNinthPol -->
