<?xml version="1.0" encoding="UTF-8"?>
<!-- Generated by org.testng.reporters.JUnitReportReporter -->
<testsuite skipped="0" hostname="MyHome" name="usersManager.AccountUsersOneHundredTwelfthMan" tests="1" failures="0" timestamp="13 июн 2018 14:47:00 GMT" time="31.956" errors="0">
  <testcase name="test" time="31.956" classname="usersManager.AccountUsersOneHundredTwelfthMan"/>
</testsuite> <!-- usersManager.AccountUsersOneHundredTwelfthMan -->
