<?xml version="1.0" encoding="UTF-8"?>
<!-- Generated by org.testng.reporters.JUnitReportReporter -->
<testsuite hostname="MyHome" name="accountSettings.AuthorizationOldUser_1" tests="1" failures="0" timestamp="3 Apr 2019 10:21:47 GMT" time="9.041" errors="0">
  <testcase name="test" time="9.041" classname="accountSettings.AuthorizationOldUser_1"/>
</testsuite> <!-- accountSettings.AuthorizationOldUser_1 -->
