<?xml version="1.0" encoding="UTF-8"?>
<!-- Generated by org.testng.reporters.JUnitReportReporter -->
<testsuite skipped="0" hostname="MyHome" name="usersManager.AccountUsersNintiesMan" tests="1" failures="0" timestamp="13 июн 2018 14:40:53 GMT" time="25.185" errors="0">
  <testcase name="test" time="25.185" classname="usersManager.AccountUsersNintiesMan"/>
</testsuite> <!-- usersManager.AccountUsersNintiesMan -->
