<?xml version="1.0" encoding="UTF-8"?>
<!-- Generated by org.testng.reporters.JUnitReportReporter -->
<testsuite skipped="0" hostname="MyHome" name="pv.SalesForecastTwelfth" tests="1" failures="0" timestamp="22 мар 2019 00:52:12 GMT" time="68.682" errors="0">
  <testcase name="test" time="68.682" classname="pv.SalesForecastTwelfth"/>
</testsuite> <!-- pv.SalesForecastTwelfth -->
