<?xml version="1.0" encoding="UTF-8"?>
<!-- Generated by org.testng.reporters.JUnitReportReporter -->
<testsuite skipped="0" hostname="MyHome" name="udp.CashFlowManagementOneHundredNinteenth" tests="1" failures="0" timestamp="25 дек 2018 19:22:00 GMT" time="14.005" errors="0">
  <testcase name="test" time="14.005" classname="udp.CashFlowManagementOneHundredNinteenth"/>
</testsuite> <!-- udp.CashFlowManagementOneHundredNinteenth -->
