<?xml version="1.0" encoding="UTF-8"?>
<!-- Generated by org.testng.reporters.JUnitReportReporter -->
<testsuite skipped="0" hostname="MyHome" name="ratePolzovatel.RateSeventeenthPol" tests="1" failures="0" timestamp="11 июл 2018 07:23:13 GMT" time="15.765" errors="0">
  <testcase name="test" time="15.765" classname="ratePolzovatel.RateSeventeenthPol"/>
</testsuite> <!-- ratePolzovatel.RateSeventeenthPol -->
