<?xml version="1.0" encoding="UTF-8"?>
<!-- Generated by org.testng.reporters.JUnitReportReporter -->
<testsuite skipped="0" hostname="MyHome" name="udp.CashFlowManagementOneHundredThirtyFifth" tests="1" failures="0" timestamp="22 мар 2019 14:33:32 GMT" time="35.557" errors="0">
  <testcase name="test" time="35.557" classname="udp.CashFlowManagementOneHundredThirtyFifth"/>
</testsuite> <!-- udp.CashFlowManagementOneHundredThirtyFifth -->
