<?xml version="1.0" encoding="UTF-8"?>
<!-- Generated by org.testng.reporters.JUnitReportReporter -->
<testsuite hostname="MyHome" name="udp.CashFlowManagementFourHundredEightySecond" tests="1" failures="0" timestamp="31 Mar 2019 02:32:06 GMT" time="44.165" errors="0">
  <testcase name="test" time="44.165" classname="udp.CashFlowManagementFourHundredEightySecond"/>
</testsuite> <!-- udp.CashFlowManagementFourHundredEightySecond -->
