<?xml version="1.0" encoding="UTF-8"?>
<!-- Generated by org.testng.reporters.JUnitReportReporter -->
<testsuite skipped="0" hostname="MyHome" name="udpPolzovatel.CashFlowManagementEightyEighthPol" tests="1" failures="0" timestamp="10 июн 2018 18:58:15 GMT" time="53.170" errors="0">
  <testcase name="test" time="53.170" classname="udpPolzovatel.CashFlowManagementEightyEighthPol"/>
</testsuite> <!-- udpPolzovatel.CashFlowManagementEightyEighthPol -->
