<?xml version="1.0" encoding="UTF-8"?>
<!-- Generated by org.testng.reporters.JUnitReportReporter -->
<testsuite hostname="MyHome" name="tests.Logout_5" tests="1" failures="0" timestamp="3 Apr 2019 19:43:02 GMT" time="11.027" errors="0">
  <testcase name="test" time="11.027" classname="tests.Logout_5"/>
</testsuite> <!-- tests.Logout_5 -->
