<?xml version="1.0" encoding="UTF-8"?>
<!-- Generated by org.testng.reporters.JUnitReportReporter -->
<testsuite skipped="0" hostname="MyHome" name="editingProfileManager.EditingProfileEighthMan" tests="1" failures="0" timestamp="12 июн 2018 15:52:28 GMT" time="27.473" errors="0">
  <testcase name="test" time="27.473" classname="editingProfileManager.EditingProfileEighthMan"/>
</testsuite> <!-- editingProfileManager.EditingProfileEighthMan -->
