<?xml version="1.0" encoding="UTF-8"?>
<!-- Generated by org.testng.reporters.JUnitReportReporter -->
<testsuite skipped="0" hostname="omishchenko" name="centers.CentersSixtySixth" tests="1" failures="0" timestamp="19 окт 2018 19:22:45 GMT" time="93.510" errors="0">
  <testcase name="test" time="93.510" classname="centers.CentersSixtySixth"/>
</testsuite> <!-- centers.CentersSixtySixth -->
