<?xml version="1.0" encoding="UTF-8"?>
<!-- Generated by org.testng.reporters.JUnitReportReporter -->
<testsuite skipped="0" hostname="MyHome" name="udpPolzovatel.CashFlowManagementFiveHundredSeventyFifthPol" tests="1" failures="0" timestamp="05 июл 2018 14:22:28 GMT" time="179.018" errors="0">
  <testcase name="test" time="179.018" classname="udpPolzovatel.CashFlowManagementFiveHundredSeventyFifthPol"/>
</testsuite> <!-- udpPolzovatel.CashFlowManagementFiveHundredSeventyFifthPol -->
