<?xml version="1.0" encoding="UTF-8"?>
<!-- Generated by org.testng.reporters.JUnitReportReporter -->
<testsuite hostname="MyHome" name="udp.CashFlowManagementThreeHundredSixtyNinth" tests="1" failures="0" timestamp="31 Mar 2019 02:32:06 GMT" time="126.364" errors="0">
  <testcase name="test" time="126.364" classname="udp.CashFlowManagementThreeHundredSixtyNinth"/>
</testsuite> <!-- udp.CashFlowManagementThreeHundredSixtyNinth -->
