<?xml version="1.0" encoding="UTF-8"?>
<!-- Generated by org.testng.reporters.JUnitReportReporter -->
<testsuite skipped="0" hostname="MyHome" name="udpManager.CashFlowManagementThreeHundredThirtySecondMan" tests="1" failures="0" timestamp="10 июн 2018 10:54:28 GMT" time="158.064" errors="0">
  <testcase name="test" time="158.064" classname="udpManager.CashFlowManagementThreeHundredThirtySecondMan"/>
</testsuite> <!-- udpManager.CashFlowManagementThreeHundredThirtySecondMan -->
