<?xml version="1.0" encoding="UTF-8"?>
<!-- Generated by org.testng.reporters.JUnitReportReporter -->
<testsuite skipped="0" hostname="MyHome" name="ratePolzovatel.RateOneHundredThirtySixthPol" tests="1" failures="0" timestamp="11 июл 2018 07:23:13 GMT" time="16.709" errors="0">
  <testcase name="test" time="16.709" classname="ratePolzovatel.RateOneHundredThirtySixthPol"/>
</testsuite> <!-- ratePolzovatel.RateOneHundredThirtySixthPol -->
