<?xml version="1.0" encoding="UTF-8"?>
<!-- Generated by org.testng.reporters.JUnitReportReporter -->
<testsuite skipped="0" hostname="MyHome" name="pv.SalesForecastTwentyFourth" tests="1" failures="0" timestamp="22 мар 2019 00:52:11 GMT" time="63.220" errors="0">
  <testcase name="test" time="63.220" classname="pv.SalesForecastTwentyFourth"/>
</testsuite> <!-- pv.SalesForecastTwentyFourth -->
