<?xml version="1.0" encoding="UTF-8"?>
<!-- Generated by org.testng.reporters.JUnitReportReporter -->
<testsuite skipped="0" hostname="MyHome" name="accountSettings.AccountSettingsSeventh" tests="1" failures="0" timestamp="21 мар 2019 21:03:17 GMT" time="21.769" errors="0">
  <testcase name="test" time="21.769" classname="accountSettings.AccountSettingsSeventh"/>
</testsuite> <!-- accountSettings.AccountSettingsSeventh -->
