<?xml version="1.0" encoding="UTF-8"?>
<!-- Generated by org.testng.reporters.JUnitReportReporter -->
<testsuite skipped="0" hostname="MyHome" name="usersManager.AccountUsersTwelfthMan" tests="1" failures="0" timestamp="27 мая 2018 15:21:03 GMT" time="17.745" errors="0">
  <testcase name="test" time="17.745" classname="usersManager.AccountUsersTwelfthMan"/>
</testsuite> <!-- usersManager.AccountUsersTwelfthMan -->
