<?xml version="1.0" encoding="UTF-8"?>
<!-- Generated by org.testng.reporters.JUnitReportReporter -->
<testsuite skipped="0" hostname="MyHome" name="udpPolzovatel.CashFlowManagementThreeHundredFiftySecondPol" tests="1" failures="0" timestamp="05 июл 2018 14:53:06 GMT" time="211.230" errors="0">
  <testcase name="test" time="211.230" classname="udpPolzovatel.CashFlowManagementThreeHundredFiftySecondPol"/>
</testsuite> <!-- udpPolzovatel.CashFlowManagementThreeHundredFiftySecondPol -->
