<?xml version="1.0" encoding="UTF-8"?>
<!-- Generated by org.testng.reporters.JUnitReportReporter -->
<testsuite skipped="0" hostname="MyHome" name="rateManager.RateTwentyThirdMan" tests="1" failures="0" timestamp="12 июл 2018 08:10:11 GMT" time="15.865" errors="0">
  <testcase name="test" time="15.865" classname="rateManager.RateTwentyThirdMan"/>
</testsuite> <!-- rateManager.RateTwentyThirdMan -->
