<?xml version="1.0" encoding="UTF-8"?>
<!-- Generated by org.testng.reporters.JUnitReportReporter -->
<testsuite skipped="0" hostname="MyHome" name="udpPolzovatel.CashFlowManagementThreeHundredTwentySecondPol" tests="1" failures="0" timestamp="10 июн 2018 18:58:15 GMT" time="163.127" errors="0">
  <testcase name="test" time="163.127" classname="udpPolzovatel.CashFlowManagementThreeHundredTwentySecondPol"/>
</testsuite> <!-- udpPolzovatel.CashFlowManagementThreeHundredTwentySecondPol -->
