<?xml version="1.0" encoding="UTF-8"?>
<!-- Generated by org.testng.reporters.JUnitReportReporter -->
<testsuite skipped="0" hostname="MyHome" name="udp.CashFlowManagementNintySeventh" tests="1" failures="0" timestamp="22 мар 2019 14:33:32 GMT" time="63.276" errors="0">
  <testcase name="test" time="63.276" classname="udp.CashFlowManagementNintySeventh"/>
</testsuite> <!-- udp.CashFlowManagementNintySeventh -->
