<?xml version="1.0" encoding="UTF-8"?>
<!-- Generated by org.testng.reporters.JUnitReportReporter -->
<testsuite skipped="0" hostname="MyHome" name="entranceManager.EntranceTenthMan" tests="1" failures="0" timestamp="09 июл 2018 14:12:56 GMT" time="15.334" errors="0">
  <testcase name="test" time="15.334" classname="entranceManager.EntranceTenthMan"/>
</testsuite> <!-- entranceManager.EntranceTenthMan -->
