<?xml version="1.0" encoding="UTF-8"?>
<!-- Generated by org.testng.reporters.JUnitReportReporter -->
<testsuite skipped="0" hostname="MyHome" name="rateManager.RateOneHundredThirtyFifthMan" tests="1" failures="0" timestamp="12 июл 2018 08:10:12 GMT" time="11.218" errors="0">
  <testcase name="test" time="11.218" classname="rateManager.RateOneHundredThirtyFifthMan"/>
</testsuite> <!-- rateManager.RateOneHundredThirtyFifthMan -->
