<?xml version="1.0" encoding="UTF-8"?>
<!-- Generated by org.testng.reporters.JUnitReportReporter -->
<testsuite skipped="0" hostname="MyHome" name="editingProfilePolzovatel.EditingProfileFortiesPartTwoPol" tests="1" failures="0" timestamp="12 июн 2018 15:52:27 GMT" time="15.185" errors="0">
  <testcase name="test" time="15.185" classname="editingProfilePolzovatel.EditingProfileFortiesPartTwoPol"/>
</testsuite> <!-- editingProfilePolzovatel.EditingProfileFortiesPartTwoPol -->
