<?xml version="1.0" encoding="UTF-8"?>
<!-- Generated by org.testng.reporters.JUnitReportReporter -->
<testsuite hostname="MyHome" name="entrance.EntranceFifteenth" tests="1" failures="0" timestamp="26 Mar 2019 19:52:57 GMT" time="12.961" errors="0">
  <testcase name="test" time="12.961" classname="entrance.EntranceFifteenth"/>
</testsuite> <!-- entrance.EntranceFifteenth -->
