<?xml version="1.0" encoding="UTF-8"?>
<!-- Generated by org.testng.reporters.JUnitReportReporter -->
<testsuite skipped="0" hostname="MyHome" name="udpPolzovatel.CashFlowManagementFiveHundredSixtyEighthPol" tests="1" failures="0" timestamp="05 июл 2018 14:08:30 GMT" time="76.485" errors="0">
  <testcase name="test" time="76.485" classname="udpPolzovatel.CashFlowManagementFiveHundredSixtyEighthPol"/>
</testsuite> <!-- udpPolzovatel.CashFlowManagementFiveHundredSixtyEighthPol -->
