<?xml version="1.0" encoding="UTF-8"?>
<!-- Generated by org.testng.reporters.JUnitReportReporter -->
<testsuite skipped="0" hostname="MyHome" name="rate.RateOneHundredThirtyFirst" tests="1" failures="0" timestamp="21 фев 2019 09:18:45 GMT" time="5.267" errors="0">
  <testcase name="test" time="5.267" classname="rate.RateOneHundredThirtyFirst"/>
</testsuite> <!-- rate.RateOneHundredThirtyFirst -->
