<?xml version="1.0" encoding="UTF-8"?>
<!-- Generated by org.testng.reporters.JUnitReportReporter -->
<testsuite skipped="0" hostname="MyHome" name="rateManager.RateThirtySecondMan" tests="1" failures="0" timestamp="12 июл 2018 08:10:12 GMT" time="49.240" errors="0">
  <testcase name="test" time="49.240" classname="rateManager.RateThirtySecondMan"/>
</testsuite> <!-- rateManager.RateThirtySecondMan -->
