<?xml version="1.0" encoding="UTF-8"?>
<!-- Generated by org.testng.reporters.JUnitReportReporter -->
<testsuite skipped="0" hostname="MyHome" name="udpManager.CashFlowManagementThreeHundredTwentyFirstMan" tests="1" failures="0" timestamp="10 июн 2018 10:54:28 GMT" time="114.464" errors="0">
  <testcase name="test" time="114.464" classname="udpManager.CashFlowManagementThreeHundredTwentyFirstMan"/>
</testsuite> <!-- udpManager.CashFlowManagementThreeHundredTwentyFirstMan -->
