<?xml version="1.0" encoding="UTF-8"?>
<!-- Generated by org.testng.reporters.JUnitReportReporter -->
<testsuite hostname="MyHome" name="udp.CashFlowManagementThreeHundredTwentySeventh" tests="1" failures="0" timestamp="31 Mar 2019 02:32:06 GMT" time="44.794" errors="0">
  <testcase name="test" time="44.794" classname="udp.CashFlowManagementThreeHundredTwentySeventh"/>
</testsuite> <!-- udp.CashFlowManagementThreeHundredTwentySeventh -->
