<?xml version="1.0" encoding="UTF-8"?>
<!-- Generated by org.testng.reporters.JUnitReportReporter -->
<testsuite skipped="0" hostname="MyHome" name="centersManager.CentersTwentyFifthMan" tests="1" failures="0" timestamp="12 июл 2018 15:15:03 GMT" time="23.612" errors="0">
  <testcase name="test" time="23.612" classname="centersManager.CentersTwentyFifthMan"/>
</testsuite> <!-- centersManager.CentersTwentyFifthMan -->
