<?xml version="1.0" encoding="UTF-8"?>
<!-- Generated by org.testng.reporters.JUnitReportReporter -->
<testsuite skipped="0" hostname="MyHome" name="udp.CashFlowManagementOneHundredTwentySeventh" tests="1" failures="0" timestamp="25 дек 2018 18:50:41 GMT" time="11.365" errors="0">
  <testcase name="test" time="11.365" classname="udp.CashFlowManagementOneHundredTwentySeventh"/>
</testsuite> <!-- udp.CashFlowManagementOneHundredTwentySeventh -->
