<?xml version="1.0" encoding="UTF-8"?>
<!-- Generated by org.testng.reporters.JUnitReportReporter -->
<testsuite skipped="0" hostname="MyHome" name="usersManager.AccountUsersTenthMan" tests="1" failures="0" timestamp="27 мая 2018 15:21:03 GMT" time="29.786" errors="0">
  <testcase name="test" time="29.786" classname="usersManager.AccountUsersTenthMan"/>
</testsuite> <!-- usersManager.AccountUsersTenthMan -->
