<?xml version="1.0" encoding="UTF-8"?>
<!-- Generated by org.testng.reporters.JUnitReportReporter -->
<testsuite skipped="0" hostname="MyHome" name="pv.SalesForecastEighteenth" tests="1" failures="0" timestamp="22 мар 2019 00:52:12 GMT" time="54.948" errors="0">
  <testcase name="test" time="54.948" classname="pv.SalesForecastEighteenth"/>
</testsuite> <!-- pv.SalesForecastEighteenth -->
