<?xml version="1.0" encoding="UTF-8"?>
<!-- Generated by org.testng.reporters.JUnitReportReporter -->
<testsuite skipped="0" hostname="MyHome" name="centersManager.CentersNinteenthMan" tests="1" failures="0" timestamp="12 июл 2018 15:19:16 GMT" time="61.712" errors="0">
  <testcase name="test" time="61.712" classname="centersManager.CentersNinteenthMan"/>
</testsuite> <!-- centersManager.CentersNinteenthMan -->
