<?xml version="1.0" encoding="UTF-8"?>
<!-- Generated by org.testng.reporters.JUnitReportReporter -->
<testsuite skipped="0" hostname="MyHome" name="editingProfileManager.EditingProfileThirtySecondMan" tests="1" failures="0" timestamp="12 июн 2018 15:52:28 GMT" time="27.810" errors="0">
  <testcase name="test" time="27.810" classname="editingProfileManager.EditingProfileThirtySecondMan"/>
</testsuite> <!-- editingProfileManager.EditingProfileThirtySecondMan -->
