<?xml version="1.0" encoding="UTF-8"?>
<!-- Generated by org.testng.reporters.JUnitReportReporter -->
<testsuite skipped="0" hostname="MyHome" name="ratePolzovatel.RateOneHundredTwentyFourthPol" tests="1" failures="0" timestamp="11 июл 2018 07:23:12 GMT" time="16.221" errors="0">
  <testcase name="test" time="16.221" classname="ratePolzovatel.RateOneHundredTwentyFourthPol"/>
</testsuite> <!-- ratePolzovatel.RateOneHundredTwentyFourthPol -->
