<?xml version="1.0" encoding="UTF-8"?>
<!-- Generated by org.testng.reporters.JUnitReportReporter -->
<testsuite skipped="0" hostname="MyHome" name="udpManager.CashFlowManagementOneHundredEightiesMan" tests="1" failures="0" timestamp="05 июн 2018 18:58:21 GMT" time="54.943" errors="0">
  <testcase name="test" time="54.943" classname="udpManager.CashFlowManagementOneHundredEightiesMan"/>
</testsuite> <!-- udpManager.CashFlowManagementOneHundredEightiesMan -->
