<?xml version="1.0" encoding="UTF-8"?>
<!-- Generated by org.testng.reporters.JUnitReportReporter -->
<testsuite skipped="0" hostname="MyHome" name="udpManager.CashFlowManagementFourHundredSeventiesMan" tests="1" failures="0" timestamp="10 июн 2018 10:54:28 GMT" time="74.944" errors="0">
  <testcase name="test" time="74.944" classname="udpManager.CashFlowManagementFourHundredSeventiesMan"/>
</testsuite> <!-- udpManager.CashFlowManagementFourHundredSeventiesMan -->
