<?xml version="1.0" encoding="UTF-8"?>
<!-- Generated by org.testng.reporters.JUnitReportReporter -->
<testsuite hostname="MyHome" name="udp.CashFlowManagementFiveHundredFirst" tests="1" failures="0" timestamp="31 Mar 2019 02:32:06 GMT" time="86.392" errors="0">
  <testcase name="test" time="86.392" classname="udp.CashFlowManagementFiveHundredFirst"/>
</testsuite> <!-- udp.CashFlowManagementFiveHundredFirst -->
