<?xml version="1.0" encoding="UTF-8"?>
<!-- Generated by org.testng.reporters.JUnitReportReporter -->
<testsuite hostname="MyHome" name="udp.T" tests="1" failures="0" timestamp="2 Apr 2019 14:12:27 GMT" time="39.445" errors="0">
  <testcase name="test" time="39.445" classname="udp.T"/>
</testsuite> <!-- udp.T -->
