<?xml version="1.0" encoding="UTF-8"?>
<!-- Generated by org.testng.reporters.JUnitReportReporter -->
<testsuite skipped="0" hostname="MyHome" name="udpManager.CashFlowManagementThreeHundredThirtiesMan" tests="1" failures="0" timestamp="10 июн 2018 11:45:51 GMT" time="111.486" errors="0">
  <testcase name="test" time="111.486" classname="udpManager.CashFlowManagementThreeHundredThirtiesMan"/>
</testsuite> <!-- udpManager.CashFlowManagementThreeHundredThirtiesMan -->
