<?xml version="1.0" encoding="UTF-8"?>
<!-- Generated by org.testng.reporters.JUnitReportReporter -->
<testsuite hostname="MyHome" name="udp.CashFlowManagementFiveHundredSeventyFifth" tests="1" failures="0" timestamp="31 Mar 2019 02:32:06 GMT" time="123.801" errors="0">
  <testcase name="test" time="123.801" classname="udp.CashFlowManagementFiveHundredSeventyFifth"/>
</testsuite> <!-- udp.CashFlowManagementFiveHundredSeventyFifth -->
