<?xml version="1.0" encoding="UTF-8"?>
<!-- Generated by org.testng.reporters.JUnitReportReporter -->
<testsuite skipped="0" hostname="MyHome" name="rateManager.RateOneHundredEightySecondMan" tests="1" failures="0" timestamp="12 июл 2018 08:10:12 GMT" time="12.826" errors="0">
  <testcase name="test" time="12.826" classname="rateManager.RateOneHundredEightySecondMan"/>
</testsuite> <!-- rateManager.RateOneHundredEightySecondMan -->
