<?xml version="1.0" encoding="UTF-8"?>
<!-- Generated by org.testng.reporters.JUnitReportReporter -->
<testsuite skipped="0" hostname="MyHome" name="rate.RateOneHundredTwentyFifth" tests="1" failures="0" timestamp="21 фев 2019 09:18:44 GMT" time="5.327" errors="0">
  <testcase name="test" time="5.327" classname="rate.RateOneHundredTwentyFifth"/>
</testsuite> <!-- rate.RateOneHundredTwentyFifth -->
