<?xml version="1.0" encoding="UTF-8"?>
<!-- Generated by org.testng.reporters.JUnitReportReporter -->
<testsuite skipped="0" hostname="MyHome" name="pvPolzovatel.SalesForecastThirtySecondPol" tests="1" failures="0" timestamp="04 июл 2018 12:06:47 GMT" time="21.299" errors="0">
  <testcase name="test" time="21.299" classname="pvPolzovatel.SalesForecastThirtySecondPol"/>
</testsuite> <!-- pvPolzovatel.SalesForecastThirtySecondPol -->
