<?xml version="1.0" encoding="UTF-8"?>
<!-- Generated by org.testng.reporters.JUnitReportReporter -->
<testsuite skipped="0" hostname="MyHome" name="pv.SalesForecastEighth" tests="1" failures="0" timestamp="22 мар 2019 00:52:11 GMT" time="53.192" errors="0">
  <testcase name="test" time="53.192" classname="pv.SalesForecastEighth"/>
</testsuite> <!-- pv.SalesForecastEighth -->
