<?xml version="1.0" encoding="UTF-8"?>
<!-- Generated by org.testng.reporters.JUnitReportReporter -->
<testsuite skipped="0" hostname="MyHome" name="common.CommonTenth" tests="1" failures="0" timestamp="21 мар 2019 21:09:06 GMT" time="5.333" errors="0">
  <testcase name="test" time="5.333" classname="common.CommonTenth"/>
</testsuite> <!-- common.CommonTenth -->
