<?xml version="1.0" encoding="UTF-8"?>
<!-- Generated by org.testng.reporters.JUnitReportReporter -->
<testsuite hostname="MyHome" name="tests.Filters_8" tests="1" failures="0" timestamp="3 Apr 2019 19:47:27 GMT" time="13.158" errors="0">
  <testcase name="test" time="13.158" classname="tests.Filters_8"/>
</testsuite> <!-- tests.Filters_8 -->
