<?xml version="1.0" encoding="UTF-8"?>
<!-- Generated by org.testng.reporters.JUnitReportReporter -->
<testsuite skipped="0" hostname="omishchenko" name="users.AccountUsersSeventyEighth" tests="1" failures="0" timestamp="20 окт 2018 01:32:57 GMT" time="6.825" errors="0">
  <testcase name="test" time="6.825" classname="users.AccountUsersSeventyEighth"/>
</testsuite> <!-- users.AccountUsersSeventyEighth -->
