<?xml version="1.0" encoding="UTF-8"?>
<!-- Generated by org.testng.reporters.JUnitReportReporter -->
<testsuite skipped="0" hostname="MyHome" name="udp.CashFlowManagementThreeHundredSixth" tests="1" failures="0" timestamp="22 мар 2019 23:46:48 GMT" time="157.704" errors="0">
  <testcase name="test" time="157.704" classname="udp.CashFlowManagementThreeHundredSixth"/>
</testsuite> <!-- udp.CashFlowManagementThreeHundredSixth -->
