<?xml version="1.0" encoding="UTF-8"?>
<!-- Generated by org.testng.reporters.JUnitReportReporter -->
<testsuite hostname="MyHome" name="udp.CashFlowManagementFiveHundredFortySeventhPartTwo" tests="1" failures="0" timestamp="31 Mar 2019 02:32:06 GMT" time="160.082" errors="0">
  <testcase name="test" time="160.082" classname="udp.CashFlowManagementFiveHundredFortySeventhPartTwo"/>
</testsuite> <!-- udp.CashFlowManagementFiveHundredFortySeventhPartTwo -->
