<?xml version="1.0" encoding="UTF-8"?>
<!-- Generated by org.testng.reporters.JUnitReportReporter -->
<testsuite skipped="0" hostname="MyHome" name="udpPolzovatel.CashFlowManagementThreeHundredNintyEighthPol" tests="1" failures="0" timestamp="21 июн 2018 08:22:40 GMT" time="132.368" errors="0">
  <testcase name="test" time="132.368" classname="udpPolzovatel.CashFlowManagementThreeHundredNintyEighthPol"/>
</testsuite> <!-- udpPolzovatel.CashFlowManagementThreeHundredNintyEighthPol -->
