<?xml version="1.0" encoding="UTF-8"?>
<!-- Generated by org.testng.reporters.JUnitReportReporter -->
<testsuite skipped="0" hostname="MyHome" name="pvManager.SalesForecastOneHundredFifthMan" tests="1" failures="0" timestamp="11 июл 2018 12:58:32 GMT" time="78.388" errors="0">
  <testcase name="test" time="78.388" classname="pvManager.SalesForecastOneHundredFifthMan"/>
</testsuite> <!-- pvManager.SalesForecastOneHundredFifthMan -->
