<?xml version="1.0" encoding="UTF-8"?>
<!-- Generated by org.testng.reporters.JUnitReportReporter -->
<testsuite hostname="MyHome" name="accountSettings.AuthorizationUserWithInvalidEmail_3" tests="1" failures="0" timestamp="3 Apr 2019 11:05:06 GMT" time="8.808" errors="0">
  <testcase name="test" time="8.808" classname="accountSettings.AuthorizationUserWithInvalidEmail_3"/>
</testsuite> <!-- accountSettings.AuthorizationUserWithInvalidEmail_3 -->
