<?xml version="1.0" encoding="UTF-8"?>
<!-- Generated by org.testng.reporters.JUnitReportReporter -->
<testsuite skipped="0" hostname="omishchenko" name="pv.SalesForecastOneHundredTwentyEighth" tests="1" failures="0" timestamp="20 окт 2018 01:32:58 GMT" time="65.491" errors="0">
  <testcase name="test" time="65.491" classname="pv.SalesForecastOneHundredTwentyEighth"/>
</testsuite> <!-- pv.SalesForecastOneHundredTwentyEighth -->
