<?xml version="1.0" encoding="UTF-8"?>
<!-- Generated by org.testng.reporters.JUnitReportReporter -->
<testsuite skipped="0" hostname="MyHome" name="udpManager.CashFlowManagementFiveHundredFirstMan" tests="1" failures="0" timestamp="10 июн 2018 10:54:27 GMT" time="84.143" errors="0">
  <testcase name="test" time="84.143" classname="udpManager.CashFlowManagementFiveHundredFirstMan"/>
</testsuite> <!-- udpManager.CashFlowManagementFiveHundredFirstMan -->
