<?xml version="1.0" encoding="UTF-8"?>
<!-- Generated by org.testng.reporters.JUnitReportReporter -->
<testsuite skipped="0" hostname="omishchenko" name="users.AccountUsersOneHundredTwentyThirdPartTwo" tests="1" failures="0" timestamp="20 окт 2018 01:32:57 GMT" time="18.895" errors="0">
  <testcase name="test" time="18.895" classname="users.AccountUsersOneHundredTwentyThirdPartTwo"/>
</testsuite> <!-- users.AccountUsersOneHundredTwentyThirdPartTwo -->
