<?xml version="1.0" encoding="UTF-8"?>
<!-- Generated by org.testng.reporters.JUnitReportReporter -->
<testsuite skipped="0" hostname="MyHome" name="udp.CashFlowManagementThreeHundredThird" tests="1" failures="0" timestamp="22 мар 2019 23:46:48 GMT" time="179.869" errors="0">
  <testcase name="test" time="179.869" classname="udp.CashFlowManagementThreeHundredThird"/>
</testsuite> <!-- udp.CashFlowManagementThreeHundredThird -->
