<?xml version="1.0" encoding="UTF-8"?>
<!-- Generated by org.testng.reporters.JUnitReportReporter -->
<testsuite skipped="0" hostname="MyHome" name="udpPolzovatel.CashFlowManagementTwentyNinthPol" tests="1" failures="0" timestamp="07 июн 2018 09:49:44 GMT" time="38.167" errors="0">
  <testcase name="test" time="38.167" classname="udpPolzovatel.CashFlowManagementTwentyNinthPol"/>
</testsuite> <!-- udpPolzovatel.CashFlowManagementTwentyNinthPol -->
