<?xml version="1.0" encoding="UTF-8"?>
<!-- Generated by org.testng.reporters.JUnitReportReporter -->
<testsuite skipped="0" hostname="MyHome" name="pv.SalesForecastFortyFifth" tests="1" failures="0" timestamp="22 мар 2019 00:52:12 GMT" time="88.124" errors="0">
  <testcase name="test" time="88.124" classname="pv.SalesForecastFortyFifth"/>
</testsuite> <!-- pv.SalesForecastFortyFifth -->
