<?xml version="1.0" encoding="UTF-8"?>
<!-- Generated by org.testng.reporters.JUnitReportReporter -->
<testsuite skipped="0" hostname="MyHome" name="rateManager.RateOneHundredFirstMan" tests="1" failures="0" timestamp="12 июл 2018 08:10:11 GMT" time="58.046" errors="0">
  <testcase name="test" time="58.046" classname="rateManager.RateOneHundredFirstMan"/>
</testsuite> <!-- rateManager.RateOneHundredFirstMan -->
