<?xml version="1.0" encoding="UTF-8"?>
<!-- Generated by org.testng.reporters.JUnitReportReporter -->
<testsuite skipped="0" hostname="MyHome" name="centers.CentersThirtySixth" tests="1" failures="0" timestamp="22 мар 2019 00:52:12 GMT" time="63.820" errors="0">
  <testcase name="test" time="63.820" classname="centers.CentersThirtySixth"/>
</testsuite> <!-- centers.CentersThirtySixth -->
