<?xml version="1.0" encoding="UTF-8"?>
<!-- Generated by org.testng.reporters.JUnitReportReporter -->
<testsuite skipped="0" hostname="MyHome" name="editingProfilePolzovatel.EditingProfileFortySecondPol" tests="1" failures="0" timestamp="12 июн 2018 15:52:28 GMT" time="20.883" errors="0">
  <testcase name="test" time="20.883" classname="editingProfilePolzovatel.EditingProfileFortySecondPol"/>
</testsuite> <!-- editingProfilePolzovatel.EditingProfileFortySecondPol -->
