<?xml version="1.0" encoding="UTF-8"?>
<!-- Generated by org.testng.reporters.JUnitReportReporter -->
<testsuite skipped="0" hostname="MyHome" name="commonManager.CommonFifteenthMan" tests="1" failures="0" timestamp="22 окт 2018 18:33:47 GMT" time="8.141" errors="0">
  <testcase name="test" time="8.141" classname="commonManager.CommonFifteenthMan"/>
</testsuite> <!-- commonManager.CommonFifteenthMan -->
