<?xml version="1.0" encoding="UTF-8"?>
<!-- Generated by org.testng.reporters.JUnitReportReporter -->
<testsuite skipped="0" hostname="MyHome" name="udpManager.CashFlowManagementOneHundredEightySixthMan" tests="1" failures="0" timestamp="05 июн 2018 18:58:21 GMT" time="38.860" errors="0">
  <testcase name="test" time="38.860" classname="udpManager.CashFlowManagementOneHundredEightySixthMan"/>
</testsuite> <!-- udpManager.CashFlowManagementOneHundredEightySixthMan -->
