<?xml version="1.0" encoding="UTF-8"?>
<!-- Generated by org.testng.reporters.JUnitReportReporter -->
<testsuite skipped="0" hostname="MyHome" name="udpManager.CashFlowManagementOneHundredFortySixthMan" tests="1" failures="0" timestamp="05 июн 2018 18:58:21 GMT" time="109.531" errors="0">
  <testcase name="test" time="109.531" classname="udpManager.CashFlowManagementOneHundredFortySixthMan"/>
</testsuite> <!-- udpManager.CashFlowManagementOneHundredFortySixthMan -->
