<?xml version="1.0" encoding="UTF-8"?>
<!-- Generated by org.testng.reporters.JUnitReportReporter -->
<testsuite skipped="0" hostname="MyHome" name="udpPolzovatel.CashFlowManagementTwentyFifthPol" tests="1" failures="0" timestamp="07 июн 2018 09:49:43 GMT" time="37.251" errors="0">
  <testcase name="test" time="37.251" classname="udpPolzovatel.CashFlowManagementTwentyFifthPol"/>
</testsuite> <!-- udpPolzovatel.CashFlowManagementTwentyFifthPol -->
