<?xml version="1.0" encoding="UTF-8"?>
<!-- Generated by org.testng.reporters.JUnitReportReporter -->
<testsuite skipped="0" hostname="MyHome" name="common.CommonThirteenth" tests="1" failures="0" timestamp="21 мар 2019 21:09:06 GMT" time="5.114" errors="0">
  <testcase name="test" time="5.114" classname="common.CommonThirteenth"/>
</testsuite> <!-- common.CommonThirteenth -->
