<?xml version="1.0" encoding="UTF-8"?>
<!-- Generated by org.testng.reporters.JUnitReportReporter -->
<testsuite skipped="0" hostname="MyHome" name="udp.CashFlowManagement" tests="1" failures="0" timestamp="29 мая 2018 11:27:18 GMT" time="22.017" errors="0">
  <testcase name="test" time="22.017" classname="udp.CashFlowManagement"/>
</testsuite> <!-- udp.CashFlowManagement -->
