<?xml version="1.0" encoding="UTF-8"?>
<!-- Generated by org.testng.reporters.JUnitReportReporter -->
<testsuite skipped="0" hostname="MyHome" name="udpPolzovatel.CashFlowManagementSixtyEighthPol" tests="1" failures="0" timestamp="10 июн 2018 18:58:15 GMT" time="58.874" errors="0">
  <testcase name="test" time="58.874" classname="udpPolzovatel.CashFlowManagementSixtyEighthPol"/>
</testsuite> <!-- udpPolzovatel.CashFlowManagementSixtyEighthPol -->
