<?xml version="1.0" encoding="UTF-8"?>
<!-- Generated by org.testng.reporters.JUnitReportReporter -->
<testsuite skipped="0" hostname="MyHome" name="rateManager.RateTwentySecondMan" tests="1" failures="0" timestamp="12 июл 2018 08:10:11 GMT" time="16.713" errors="0">
  <testcase name="test" time="16.713" classname="rateManager.RateTwentySecondMan"/>
</testsuite> <!-- rateManager.RateTwentySecondMan -->
