<?xml version="1.0" encoding="UTF-8"?>
<!-- Generated by org.testng.reporters.JUnitReportReporter -->
<testsuite skipped="0" hostname="MyHome" name="udpPolzovatel.CashFlowManagementOneHundredSeventySixthPol" tests="1" failures="0" timestamp="10 июн 2018 18:58:15 GMT" time="29.772" errors="0">
  <testcase name="test" time="29.772" classname="udpPolzovatel.CashFlowManagementOneHundredSeventySixthPol"/>
</testsuite> <!-- udpPolzovatel.CashFlowManagementOneHundredSeventySixthPol -->
