<?xml version="1.0" encoding="UTF-8"?>
<!-- Generated by org.testng.reporters.JUnitReportReporter -->
<testsuite skipped="0" hostname="MyHome" name="udpManager.CashFlowManagementThreeHundredTwentyThirdMan" tests="1" failures="0" timestamp="10 июн 2018 11:22:49 GMT" time="117.168" errors="0">
  <testcase name="test" time="117.168" classname="udpManager.CashFlowManagementThreeHundredTwentyThirdMan"/>
</testsuite> <!-- udpManager.CashFlowManagementThreeHundredTwentyThirdMan -->
