<?xml version="1.0" encoding="UTF-8"?>
<!-- Generated by org.testng.reporters.JUnitReportReporter -->
<testsuite skipped="0" hostname="MyHome" name="udpPolzovatel.CashFlowManagementOneHundredSecondPol" tests="1" failures="0" timestamp="10 июн 2018 18:58:12 GMT" time="106.452" errors="0">
  <testcase name="test" time="106.452" classname="udpPolzovatel.CashFlowManagementOneHundredSecondPol"/>
</testsuite> <!-- udpPolzovatel.CashFlowManagementOneHundredSecondPol -->
