<?xml version="1.0" encoding="UTF-8"?>
<!-- Generated by org.testng.reporters.JUnitReportReporter -->
<testsuite hostname="MyHome" name="users.AccountUsersOneHundredTwelfth" tests="1" failures="0" timestamp="31 Mar 2019 12:10:40 GMT" time="25.417" errors="0">
  <testcase name="test" time="25.417" classname="users.AccountUsersOneHundredTwelfth"/>
</testsuite> <!-- users.AccountUsersOneHundredTwelfth -->
