<?xml version="1.0" encoding="UTF-8"?>
<!-- Generated by org.testng.reporters.JUnitReportReporter -->
<testsuite skipped="0" hostname="MyHome" name="udpPolzovatel.CashFlowManagementNintyFourthPol" tests="1" failures="0" timestamp="10 июн 2018 18:58:13 GMT" time="75.230" errors="0">
  <testcase name="test" time="75.230" classname="udpPolzovatel.CashFlowManagementNintyFourthPol"/>
</testsuite> <!-- udpPolzovatel.CashFlowManagementNintyFourthPol -->
