<?xml version="1.0" encoding="UTF-8"?>
<!-- Generated by org.testng.reporters.JUnitReportReporter -->
<testsuite skipped="0" hostname="MyHome" name="udpManager.CashFlowManagementEightySeventhMan" tests="1" failures="0" timestamp="04 июл 2018 14:49:25 GMT" time="45.147" errors="0">
  <testcase name="test" time="45.147" classname="udpManager.CashFlowManagementEightySeventhMan"/>
</testsuite> <!-- udpManager.CashFlowManagementEightySeventhMan -->
