<?xml version="1.0" encoding="UTF-8"?>
<!-- Generated by org.testng.reporters.JUnitReportReporter -->
<testsuite skipped="0" hostname="MyHome" name="udpManager.CashFlowManagementThreeHundredEightyEighthMan" tests="1" failures="0" timestamp="10 июн 2018 10:54:27 GMT" time="43.090" errors="0">
  <testcase name="test" time="43.090" classname="udpManager.CashFlowManagementThreeHundredEightyEighthMan"/>
</testsuite> <!-- udpManager.CashFlowManagementThreeHundredEightyEighthMan -->
