<?xml version="1.0" encoding="UTF-8"?>
<!-- Generated by org.testng.reporters.JUnitReportReporter -->
<testsuite skipped="0" hostname="MyHome" name="udpPolzovatel.CashFlowManagementFiveHundredFiftySeventhPol" tests="1" failures="0" timestamp="05 июл 2018 14:08:31 GMT" time="182.418" errors="0">
  <testcase name="test" time="182.418" classname="udpPolzovatel.CashFlowManagementFiveHundredFiftySeventhPol"/>
</testsuite> <!-- udpPolzovatel.CashFlowManagementFiveHundredFiftySeventhPol -->
