<?xml version="1.0" encoding="UTF-8"?>
<!-- Generated by org.testng.reporters.JUnitReportReporter -->
<testsuite skipped="0" hostname="MyHome" name="pv.SalesForecastOneHundred" tests="1" failures="0" timestamp="22 мар 2019 00:52:11 GMT" time="87.579" errors="0">
  <testcase name="test" time="87.579" classname="pv.SalesForecastOneHundred"/>
</testsuite> <!-- pv.SalesForecastOneHundred -->
