<?xml version="1.0" encoding="UTF-8"?>
<!-- Generated by org.testng.reporters.JUnitReportReporter -->
<testsuite skipped="0" hostname="MyHome" name="udpManager.CashFlowManagementNintyFourthMan" tests="1" failures="0" timestamp="06 июн 2018 11:56:59 GMT" time="75.781" errors="0">
  <testcase name="test" time="75.781" classname="udpManager.CashFlowManagementNintyFourthMan"/>
</testsuite> <!-- udpManager.CashFlowManagementNintyFourthMan -->
