<?xml version="1.0" encoding="UTF-8"?>
<!-- Generated by org.testng.reporters.JUnitReportReporter -->
<testsuite skipped="0" hostname="MyHome" name="udp.CashFlowManagementEleventh" tests="1" failures="0" timestamp="01 мар 2019 12:21:33 GMT" time="32.472" errors="0">
  <testcase name="test" time="32.472" classname="udp.CashFlowManagementEleventh"/>
</testsuite> <!-- udp.CashFlowManagementEleventh -->
