<?xml version="1.0" encoding="UTF-8"?>
<!-- Generated by org.testng.reporters.JUnitReportReporter -->
<testsuite skipped="0" hostname="MyHome" name="udp.CashFlowManagementOneHundredFiftyFifth" tests="1" failures="0" timestamp="22 мар 2019 14:33:33 GMT" time="42.240" errors="0">
  <testcase name="test" time="42.240" classname="udp.CashFlowManagementOneHundredFiftyFifth"/>
</testsuite> <!-- udp.CashFlowManagementOneHundredFiftyFifth -->
