<?xml version="1.0" encoding="UTF-8"?>
<!-- Generated by org.testng.reporters.JUnitReportReporter -->
<testsuite skipped="0" hostname="MyHome" name="rateManager.RateThirteenthMan" tests="1" failures="0" timestamp="12 июл 2018 08:10:12 GMT" time="15.916" errors="0">
  <testcase name="test" time="15.916" classname="rateManager.RateThirteenthMan"/>
</testsuite> <!-- rateManager.RateThirteenthMan -->
