<?xml version="1.0" encoding="UTF-8"?>
<!-- Generated by org.testng.reporters.JUnitReportReporter -->
<testsuite skipped="0" hostname="MyHome" name="pvPolzovatel.SalesForecastFirstPol" tests="1" failures="0" timestamp="06 июл 2018 10:03:50 GMT" time="22.428" errors="0">
  <testcase name="test" time="22.428" classname="pvPolzovatel.SalesForecastFirstPol"/>
</testsuite> <!-- pvPolzovatel.SalesForecastFirstPol -->
