<?xml version="1.0" encoding="UTF-8"?>
<!-- Generated by org.testng.reporters.JUnitReportReporter -->
<testsuite skipped="0" hostname="MyHome" name="udpManager.CashFlowManagementThreeHundredSecondMan" tests="1" failures="0" timestamp="06 июн 2018 09:20:11 GMT" time="134.417" errors="0">
  <testcase name="test" time="134.417" classname="udpManager.CashFlowManagementThreeHundredSecondMan"/>
</testsuite> <!-- udpManager.CashFlowManagementThreeHundredSecondMan -->
