<?xml version="1.0" encoding="UTF-8"?>
<!-- Generated by org.testng.reporters.JUnitReportReporter -->
<testsuite skipped="0" hostname="MyHome" name="editingProfile.EditingProfileTwentyFifth" tests="1" failures="0" timestamp="22 мар 2019 00:52:11 GMT" time="11.328" errors="0">
  <testcase name="test" time="11.328" classname="editingProfile.EditingProfileTwentyFifth"/>
</testsuite> <!-- editingProfile.EditingProfileTwentyFifth -->
