<?xml version="1.0" encoding="UTF-8"?>
<!-- Generated by org.testng.reporters.JUnitReportReporter -->
<testsuite skipped="0" hostname="MyHome" name="udp.CashFlowManagementThreeHundredFourth" tests="1" failures="0" timestamp="22 мар 2019 23:46:48 GMT" time="184.854" errors="0">
  <testcase name="test" time="184.854" classname="udp.CashFlowManagementThreeHundredFourth"/>
</testsuite> <!-- udp.CashFlowManagementThreeHundredFourth -->
