<?xml version="1.0" encoding="UTF-8"?>
<!-- Generated by org.testng.reporters.JUnitReportReporter -->
<testsuite skipped="0" hostname="MyHome" name="centersManager.CentersThirtySixthMan" tests="1" failures="0" timestamp="12 июл 2018 15:15:03 GMT" time="65.947" errors="0">
  <testcase name="test" time="65.947" classname="centersManager.CentersThirtySixthMan"/>
</testsuite> <!-- centersManager.CentersThirtySixthMan -->
