<?xml version="1.0" encoding="UTF-8"?>
<!-- Generated by org.testng.reporters.JUnitReportReporter -->
<testsuite hostname="MyHome" name="tests.AuthorizationUserWithInvalidEmail_3" tests="1" failures="0" timestamp="3 Apr 2019 19:43:02 GMT" time="8.142" errors="0">
  <testcase name="test" time="8.142" classname="tests.AuthorizationUserWithInvalidEmail_3"/>
</testsuite> <!-- tests.AuthorizationUserWithInvalidEmail_3 -->
