<?xml version="1.0" encoding="UTF-8"?>
<!-- Generated by org.testng.reporters.JUnitReportReporter -->
<testsuite hostname="MyHome" name="udp.CashFlowManagementFourHundredNintyNinth" tests="1" failures="0" timestamp="31 Mar 2019 02:32:06 GMT" time="35.584" errors="0">
  <testcase name="test" time="35.584" classname="udp.CashFlowManagementFourHundredNintyNinth"/>
</testsuite> <!-- udp.CashFlowManagementFourHundredNintyNinth -->
