<?xml version="1.0" encoding="UTF-8"?>
<!-- Generated by org.testng.reporters.JUnitReportReporter -->
<testsuite hostname="MyHome" name="udp.CashFlowManagementThreeHundredFortyThird" tests="1" failures="0" timestamp="31 Mar 2019 02:32:06 GMT" time="82.497" errors="0">
  <testcase name="test" time="82.497" classname="udp.CashFlowManagementThreeHundredFortyThird"/>
</testsuite> <!-- udp.CashFlowManagementThreeHundredFortyThird -->
