<?xml version="1.0" encoding="UTF-8"?>
<!-- Generated by org.testng.reporters.JUnitReportReporter -->
<testsuite skipped="0" hostname="MyHome" name="udpPolzovatel.CashFlowManagementFourHundredSeventyFifthPol" tests="1" failures="0" timestamp="05 июл 2018 14:08:31 GMT" time="48.187" errors="0">
  <testcase name="test" time="48.187" classname="udpPolzovatel.CashFlowManagementFourHundredSeventyFifthPol"/>
</testsuite> <!-- udpPolzovatel.CashFlowManagementFourHundredSeventyFifthPol -->
