<?xml version="1.0" encoding="UTF-8"?>
<!-- Generated by org.testng.reporters.JUnitReportReporter -->
<testsuite skipped="0" hostname="MyHome" name="editingProfile.EditingProfileThirtyThirdSecondPart" tests="1" failures="0" timestamp="22 мар 2019 00:52:12 GMT" time="15.466" errors="0">
  <testcase name="test" time="15.466" classname="editingProfile.EditingProfileThirtyThirdSecondPart"/>
</testsuite> <!-- editingProfile.EditingProfileThirtyThirdSecondPart -->
