<?xml version="1.0" encoding="UTF-8"?>
<!-- Generated by org.testng.reporters.JUnitReportReporter -->
<testsuite skipped="0" hostname="MyHome" name="udpManager.CashFlowManagementFiveHundredSeventySixthPartTwoMan" tests="1" failures="0" timestamp="10 июн 2018 10:54:28 GMT" time="116.107" errors="0">
  <testcase name="test" time="116.107" classname="udpManager.CashFlowManagementFiveHundredSeventySixthPartTwoMan"/>
</testsuite> <!-- udpManager.CashFlowManagementFiveHundredSeventySixthPartTwoMan -->
