<?xml version="1.0" encoding="UTF-8"?>
<!-- Generated by org.testng.reporters.JUnitReportReporter -->
<testsuite skipped="0" hostname="MyHome" name="pvManager.SalesForecastOneHundredSecondMan" tests="1" failures="0" timestamp="11 июл 2018 12:58:33 GMT" time="68.690" errors="0">
  <testcase name="test" time="68.690" classname="pvManager.SalesForecastOneHundredSecondMan"/>
</testsuite> <!-- pvManager.SalesForecastOneHundredSecondMan -->
