<?xml version="1.0" encoding="UTF-8"?>
<!-- Generated by org.testng.reporters.JUnitReportReporter -->
<testsuite skipped="0" hostname="MyHome" name="usersManager.AccountUsersThirtyFourthMan" tests="1" failures="0" timestamp="27 мая 2018 15:21:03 GMT" time="31.897" errors="0">
  <testcase name="test" time="31.897" classname="usersManager.AccountUsersThirtyFourthMan"/>
</testsuite> <!-- usersManager.AccountUsersThirtyFourthMan -->
