<?xml version="1.0" encoding="UTF-8"?>
<!-- Generated by org.testng.reporters.JUnitReportReporter -->
<testsuite hostname="MyHome" name="udp.CashFlowManagementThreeHundredSixtySixth" tests="1" failures="0" timestamp="31 Mar 2019 02:32:06 GMT" time="87.063" errors="0">
  <testcase name="test" time="87.063" classname="udp.CashFlowManagementThreeHundredSixtySixth"/>
</testsuite> <!-- udp.CashFlowManagementThreeHundredSixtySixth -->
