<?xml version="1.0" encoding="UTF-8"?>
<!-- Generated by org.testng.reporters.JUnitReportReporter -->
<testsuite skipped="0" hostname="MyHome" name="udpPolzovatel.CashFlowManagementEightySeventhPol" tests="1" failures="0" timestamp="04 июл 2018 14:54:57 GMT" time="55.564" errors="0">
  <testcase name="test" time="55.564" classname="udpPolzovatel.CashFlowManagementEightySeventhPol"/>
</testsuite> <!-- udpPolzovatel.CashFlowManagementEightySeventhPol -->
