<?xml version="1.0" encoding="UTF-8"?>
<!-- Generated by org.testng.reporters.JUnitReportReporter -->
<testsuite hostname="MyHome" name="udp.CashFlowManagementFiveHundred" tests="1" failures="0" timestamp="31 Mar 2019 02:32:06 GMT" time="47.503" errors="0">
  <testcase name="test" time="47.503" classname="udp.CashFlowManagementFiveHundred"/>
</testsuite> <!-- udp.CashFlowManagementFiveHundred -->
