<?xml version="1.0" encoding="UTF-8"?>
<!-- Generated by org.testng.reporters.JUnitReportReporter -->
<testsuite hostname="MyHome" name="users.AccountUsersOneHundredFourteenth" tests="1" failures="0" timestamp="31 Mar 2019 12:10:40 GMT" time="26.852" errors="0">
  <testcase name="test" time="26.852" classname="users.AccountUsersOneHundredFourteenth"/>
</testsuite> <!-- users.AccountUsersOneHundredFourteenth -->
