<?xml version="1.0" encoding="UTF-8"?>
<!-- Generated by org.testng.reporters.JUnitReportReporter -->
<testsuite skipped="0" hostname="MyHome" name="commonManager.CommonEighthMan" tests="1" failures="0" timestamp="22 окт 2018 18:33:47 GMT" time="17.073" errors="0">
  <testcase name="test" time="17.073" classname="commonManager.CommonEighthMan"/>
</testsuite> <!-- commonManager.CommonEighthMan -->
