<?xml version="1.0" encoding="UTF-8"?>
<!-- Generated by org.testng.reporters.JUnitReportReporter -->
<testsuite skipped="0" hostname="MyHome" name="udpPolzovatel.CashFlowManagementTwoHundredFourthPol" tests="1" failures="0" timestamp="10 июн 2018 18:58:14 GMT" time="30.385" errors="0">
  <testcase name="test" time="30.385" classname="udpPolzovatel.CashFlowManagementTwoHundredFourthPol"/>
</testsuite> <!-- udpPolzovatel.CashFlowManagementTwoHundredFourthPol -->
