<?xml version="1.0" encoding="UTF-8"?>
<!-- Generated by org.testng.reporters.JUnitReportReporter -->
<testsuite skipped="0" hostname="MyHome" name="udpPolzovatel.CashFlowManagementFiveHundredFortySeventhPartTwoPol" tests="1" failures="0" timestamp="05 июл 2018 14:08:31 GMT" time="190.319" errors="0">
  <testcase name="test" time="190.319" classname="udpPolzovatel.CashFlowManagementFiveHundredFortySeventhPartTwoPol"/>
</testsuite> <!-- udpPolzovatel.CashFlowManagementFiveHundredFortySeventhPartTwoPol -->
