<?xml version="1.0" encoding="UTF-8"?>
<!-- Generated by org.testng.reporters.JUnitReportReporter -->
<testsuite skipped="0" hostname="omishchenko" name="users.AccountUsersTwentySixth" tests="1" failures="0" timestamp="20 окт 2018 01:32:58 GMT" time="26.694" errors="0">
  <testcase name="test" time="26.694" classname="users.AccountUsersTwentySixth"/>
</testsuite> <!-- users.AccountUsersTwentySixth -->
