<?xml version="1.0" encoding="UTF-8"?>
<!-- Generated by org.testng.reporters.JUnitReportReporter -->
<testsuite skipped="0" hostname="omishchenko" name="users.AccountUsersSeventyEighthPartTwo" tests="1" failures="0" timestamp="20 окт 2018 01:32:56 GMT" time="6.582" errors="0">
  <testcase name="test" time="6.582" classname="users.AccountUsersSeventyEighthPartTwo"/>
</testsuite> <!-- users.AccountUsersSeventyEighthPartTwo -->
