<?xml version="1.0" encoding="UTF-8"?>
<!-- Generated by org.testng.reporters.JUnitReportReporter -->
<testsuite hostname="MyHome" name="udp.CashFlowManagementFourHundredSixtyFifth" tests="1" failures="0" timestamp="31 Mar 2019 02:32:06 GMT" time="59.891" errors="0">
  <testcase name="test" time="59.891" classname="udp.CashFlowManagementFourHundredSixtyFifth"/>
</testsuite> <!-- udp.CashFlowManagementFourHundredSixtyFifth -->
