<?xml version="1.0" encoding="UTF-8"?>
<!-- Generated by org.testng.reporters.JUnitReportReporter -->
<testsuite skipped="0" hostname="MyHome" name="udpPolzovatel.CashFlowManagementOneHundredSeventyEighthPol" tests="1" failures="0" timestamp="10 июн 2018 18:58:13 GMT" time="29.770" errors="0">
  <testcase name="test" time="29.770" classname="udpPolzovatel.CashFlowManagementOneHundredSeventyEighthPol"/>
</testsuite> <!-- udpPolzovatel.CashFlowManagementOneHundredSeventyEighthPol -->
