<?xml version="1.0" encoding="UTF-8"?>
<!-- Generated by org.testng.reporters.JUnitReportReporter -->
<testsuite hostname="MyHome" name="tests.ClientArea_6" tests="1" failures="0" timestamp="3 Apr 2019 19:43:02 GMT" time="22.560" errors="0">
  <testcase name="test" time="22.560" classname="tests.ClientArea_6"/>
</testsuite> <!-- tests.ClientArea_6 -->
