<?xml version="1.0" encoding="UTF-8"?>
<!-- Generated by org.testng.reporters.JUnitReportReporter -->
<testsuite skipped="0" hostname="MyHome" name="udpPolzovatel.CashFlowManagementFiveHundredFirstPol" tests="1" failures="0" timestamp="05 июл 2018 14:08:30 GMT" time="78.464" errors="0">
  <testcase name="test" time="78.464" classname="udpPolzovatel.CashFlowManagementFiveHundredFirstPol"/>
</testsuite> <!-- udpPolzovatel.CashFlowManagementFiveHundredFirstPol -->
