<?xml version="1.0" encoding="UTF-8"?>
<!-- Generated by org.testng.reporters.JUnitReportReporter -->
<testsuite skipped="0" hostname="MyHome" name="udpPolzovatel.CashFlowManagementNintyFifthPol" tests="1" failures="0" timestamp="10 июн 2018 18:58:15 GMT" time="18.241" errors="0">
  <testcase name="test" time="18.241" classname="udpPolzovatel.CashFlowManagementNintyFifthPol"/>
</testsuite> <!-- udpPolzovatel.CashFlowManagementNintyFifthPol -->
