<?xml version="1.0" encoding="UTF-8"?>
<!-- Generated by org.testng.reporters.JUnitReportReporter -->
<testsuite skipped="0" hostname="MyHome" name="editingProfilePolzovatel.EditingProfileTwentySecondPartTwoPol" tests="1" failures="0" timestamp="12 июн 2018 15:52:27 GMT" time="12.290" errors="0">
  <testcase name="test" time="12.290" classname="editingProfilePolzovatel.EditingProfileTwentySecondPartTwoPol"/>
</testsuite> <!-- editingProfilePolzovatel.EditingProfileTwentySecondPartTwoPol -->
