<?xml version="1.0" encoding="UTF-8"?>
<!-- Generated by org.testng.reporters.JUnitReportReporter -->
<testsuite skipped="0" hostname="MyHome" name="rateManager.RateOneHundredFourtyFifthMan" tests="1" failures="0" timestamp="12 июл 2018 08:10:12 GMT" time="48.365" errors="0">
  <testcase name="test" time="48.365" classname="rateManager.RateOneHundredFourtyFifthMan"/>
</testsuite> <!-- rateManager.RateOneHundredFourtyFifthMan -->
