<?xml version="1.0" encoding="UTF-8"?>
<!-- Generated by org.testng.reporters.JUnitReportReporter -->
<testsuite skipped="0" hostname="MyHome" name="pvManager.SalesForecastOneHundredNinthMan" tests="1" failures="0" timestamp="11 июл 2018 12:58:33 GMT" time="69.062" errors="0">
  <testcase name="test" time="69.062" classname="pvManager.SalesForecastOneHundredNinthMan"/>
</testsuite> <!-- pvManager.SalesForecastOneHundredNinthMan -->
