<?xml version="1.0" encoding="UTF-8"?>
<!-- Generated by org.testng.reporters.JUnitReportReporter -->
<testsuite skipped="0" hostname="MyHome" name="pvPolzovatel.SalesForecastOneHundredPol" tests="1" failures="0" timestamp="04 июл 2018 12:06:47 GMT" time="40.140" errors="0">
  <testcase name="test" time="40.140" classname="pvPolzovatel.SalesForecastOneHundredPol"/>
</testsuite> <!-- pvPolzovatel.SalesForecastOneHundredPol -->
