<?xml version="1.0" encoding="UTF-8"?>
<!-- Generated by org.testng.reporters.JUnitReportReporter -->
<testsuite skipped="0" hostname="MyHome" name="users.AccountUsersThirtieth" tests="1" failures="0" timestamp="18 ноя 2018 11:00:34 GMT" time="23.070" errors="0">
  <testcase name="test" time="23.070" classname="users.AccountUsersThirtieth"/>
</testsuite> <!-- users.AccountUsersThirtieth -->
