<?xml version="1.0" encoding="UTF-8"?>
<!-- Generated by org.testng.reporters.JUnitReportReporter -->
<testsuite skipped="0" hostname="MyHome" name="usersManager.AccountUsersTwentyNinthMan" tests="1" failures="0" timestamp="27 мая 2018 15:21:04 GMT" time="25.294" errors="0">
  <testcase name="test" time="25.294" classname="usersManager.AccountUsersTwentyNinthMan"/>
</testsuite> <!-- usersManager.AccountUsersTwentyNinthMan -->
