<?xml version="1.0" encoding="UTF-8"?>
<!-- Generated by org.testng.reporters.JUnitReportReporter -->
<testsuite skipped="0" hostname="MyHome" name="udpManager.CashFlowManagementOneHundredFiftySixthMan" tests="1" failures="0" timestamp="05 июн 2018 19:23:15 GMT" time="47.837" errors="0">
  <testcase name="test" time="47.837" classname="udpManager.CashFlowManagementOneHundredFiftySixthMan"/>
</testsuite> <!-- udpManager.CashFlowManagementOneHundredFiftySixthMan -->
