<?xml version="1.0" encoding="UTF-8"?>
<!-- Generated by org.testng.reporters.JUnitReportReporter -->
<testsuite skipped="0" hostname="MyHome" name="udpManager.CashFlowManagementTwoHundredNintyThirdMan" tests="1" failures="0" timestamp="06 июн 2018 09:20:11 GMT" time="131.736" errors="0">
  <testcase name="test" time="131.736" classname="udpManager.CashFlowManagementTwoHundredNintyThirdMan"/>
</testsuite> <!-- udpManager.CashFlowManagementTwoHundredNintyThirdMan -->
