<?xml version="1.0" encoding="UTF-8"?>
<!-- Generated by org.testng.reporters.JUnitReportReporter -->
<testsuite skipped="0" hostname="MyHome" name="rate.RateThirtySixth" tests="1" failures="0" timestamp="21 фев 2019 18:57:13 GMT" time="34.698" errors="0">
  <testcase name="test" time="34.698" classname="rate.RateThirtySixth"/>
</testsuite> <!-- rate.RateThirtySixth -->
