<?xml version="1.0" encoding="UTF-8"?>
<!-- Generated by org.testng.reporters.JUnitReportReporter -->
<testsuite skipped="0" hostname="MyHome" name="udpManager.CashFlowManagementOneHundredFiftiethMan" tests="1" failures="0" timestamp="05 июн 2018 18:58:21 GMT" time="42.093" errors="0">
  <testcase name="test" time="42.093" classname="udpManager.CashFlowManagementOneHundredFiftiethMan"/>
</testsuite> <!-- udpManager.CashFlowManagementOneHundredFiftiethMan -->
