<?xml version="1.0" encoding="UTF-8"?>
<!-- Generated by org.testng.reporters.JUnitReportReporter -->
<testsuite skipped="0" hostname="MyHome" name="usersManager.AccountUsersThirteenthMan" tests="1" failures="0" timestamp="27 мая 2018 15:21:03 GMT" time="23.806" errors="0">
  <testcase name="test" time="23.806" classname="usersManager.AccountUsersThirteenthMan"/>
</testsuite> <!-- usersManager.AccountUsersThirteenthMan -->
