<?xml version="1.0" encoding="UTF-8"?>
<!-- Generated by org.testng.reporters.JUnitReportReporter -->
<testsuite skipped="0" hostname="omishchenko" name="centers.CentersSixtyFifthPartTwo" tests="1" failures="0" timestamp="19 окт 2018 19:22:45 GMT" time="40.275" errors="0">
  <testcase name="test" time="40.275" classname="centers.CentersSixtyFifthPartTwo"/>
</testsuite> <!-- centers.CentersSixtyFifthPartTwo -->
