<?xml version="1.0" encoding="UTF-8"?>
<!-- Generated by org.testng.reporters.JUnitReportReporter -->
<testsuite skipped="0" hostname="MyHome" name="udpManager.CashFlowManagementFiveHundredFortySeventhMan" tests="1" failures="0" timestamp="10 июн 2018 10:54:28 GMT" time="128.304" errors="0">
  <testcase name="test" time="128.304" classname="udpManager.CashFlowManagementFiveHundredFortySeventhMan"/>
</testsuite> <!-- udpManager.CashFlowManagementFiveHundredFortySeventhMan -->
