<?xml version="1.0" encoding="UTF-8"?>
<!-- Generated by org.testng.reporters.JUnitReportReporter -->
<testsuite skipped="0" hostname="MyHome" name="accountSettings.AccountSettingsTenth" tests="1" failures="0" timestamp="21 мар 2019 21:03:17 GMT" time="17.794" errors="0">
  <testcase name="test" time="17.794" classname="accountSettings.AccountSettingsTenth"/>
</testsuite> <!-- accountSettings.AccountSettingsTenth -->
