<?xml version="1.0" encoding="UTF-8"?>
<!-- Generated by org.testng.reporters.JUnitReportReporter -->
<testsuite skipped="0" hostname="MyHome" name="udpManager.CashFlowManagementThreeHundredEighthMan" tests="1" failures="0" timestamp="10 июн 2018 10:54:28 GMT" time="97.717" errors="0">
  <testcase name="test" time="97.717" classname="udpManager.CashFlowManagementThreeHundredEighthMan"/>
</testsuite> <!-- udpManager.CashFlowManagementThreeHundredEighthMan -->
