<?xml version="1.0" encoding="UTF-8"?>
<!-- Generated by org.testng.reporters.JUnitReportReporter -->
<testsuite skipped="0" hostname="MyHome" name="ratePolzovatel.RateNinetySeventhPol" tests="1" failures="0" timestamp="11 июл 2018 07:23:13 GMT" time="15.677" errors="0">
  <testcase name="test" time="15.677" classname="ratePolzovatel.RateNinetySeventhPol"/>
</testsuite> <!-- ratePolzovatel.RateNinetySeventhPol -->
