<?xml version="1.0" encoding="UTF-8"?>
<!-- Generated by org.testng.reporters.JUnitReportReporter -->
<testsuite skipped="0" hostname="MyHome" name="udpPolzovatel.CashFlowManagementTwoHundredTwentySecondPol" tests="1" failures="0" timestamp="10 июн 2018 18:58:14 GMT" time="62.613" errors="0">
  <testcase name="test" time="62.613" classname="udpPolzovatel.CashFlowManagementTwoHundredTwentySecondPol"/>
</testsuite> <!-- udpPolzovatel.CashFlowManagementTwoHundredTwentySecondPol -->
