<?xml version="1.0" encoding="UTF-8"?>
<!-- Generated by org.testng.reporters.JUnitReportReporter -->
<testsuite skipped="0" hostname="MyHome" name="udpManager.CashFlowManagementTwoHundredSeventyFourthMan" tests="1" failures="0" timestamp="10 июн 2018 11:46:54 GMT" time="55.126" errors="0">
  <testcase name="test" time="55.126" classname="udpManager.CashFlowManagementTwoHundredSeventyFourthMan"/>
</testsuite> <!-- udpManager.CashFlowManagementTwoHundredSeventyFourthMan -->
