<?xml version="1.0" encoding="UTF-8"?>
<!-- Generated by org.testng.reporters.JUnitReportReporter -->
<testsuite hostname="MyHome" name="users.AccountUsersSeventySecond" tests="1" failures="0" timestamp="31 Mar 2019 12:10:40 GMT" time="12.735" errors="0">
  <testcase name="test" time="12.735" classname="users.AccountUsersSeventySecond"/>
</testsuite> <!-- users.AccountUsersSeventySecond -->
