<?xml version="1.0" encoding="UTF-8"?>
<!-- Generated by org.testng.reporters.JUnitReportReporter -->
<testsuite hostname="MyHome" name="udp.CashFlowManagementFourHundredNintyFirst" tests="1" failures="0" timestamp="31 Mar 2019 02:32:06 GMT" time="195.955" errors="0">
  <testcase name="test" time="195.955" classname="udp.CashFlowManagementFourHundredNintyFirst"/>
</testsuite> <!-- udp.CashFlowManagementFourHundredNintyFirst -->
