<?xml version="1.0" encoding="UTF-8"?>
<!-- Generated by org.testng.reporters.JUnitReportReporter -->
<testsuite skipped="0" hostname="MyHome" name="udp.CashFlowManagementTwoHundredFortySixth" tests="1" failures="0" timestamp="22 мар 2019 23:46:48 GMT" time="59.465" errors="0">
  <testcase name="test" time="59.465" classname="udp.CashFlowManagementTwoHundredFortySixth"/>
</testsuite> <!-- udp.CashFlowManagementTwoHundredFortySixth -->
