<?xml version="1.0" encoding="UTF-8"?>
<!-- Generated by org.testng.reporters.JUnitReportReporter -->
<testsuite skipped="0" hostname="MyHome" name="udpPolzovatel.CashFlowManagementOneHundredSixtySeventhPol" tests="1" failures="0" timestamp="03 июл 2018 07:10:42 GMT" time="20.597" errors="0">
  <testcase name="test" time="20.597" classname="udpPolzovatel.CashFlowManagementOneHundredSixtySeventhPol"/>
</testsuite> <!-- udpPolzovatel.CashFlowManagementOneHundredSixtySeventhPol -->
