<?xml version="1.0" encoding="UTF-8"?>
<!-- Generated by org.testng.reporters.JUnitReportReporter -->
<testsuite skipped="0" hostname="MyHome" name="commonPolzovatel.CommonFifteenthPol" tests="1" failures="0" timestamp="22 окт 2018 18:33:47 GMT" time="7.778" errors="0">
  <testcase name="test" time="7.778" classname="commonPolzovatel.CommonFifteenthPol"/>
</testsuite> <!-- commonPolzovatel.CommonFifteenthPol -->
