<?xml version="1.0" encoding="UTF-8"?>
<!-- Generated by org.testng.reporters.JUnitReportReporter -->
<testsuite skipped="0" hostname="MyHome" name="usersManager.AccountUsersNintySecondMan" tests="1" failures="0" timestamp="13 июн 2018 14:40:53 GMT" time="29.480" errors="0">
  <testcase name="test" time="29.480" classname="usersManager.AccountUsersNintySecondMan"/>
</testsuite> <!-- usersManager.AccountUsersNintySecondMan -->
