<?xml version="1.0" encoding="UTF-8"?>
<!-- Generated by org.testng.reporters.JUnitReportReporter -->
<testsuite skipped="0" hostname="MyHome" name="pvPolzovatel.SalesForecastThirtySeventhPol" tests="1" failures="0" timestamp="04 июл 2018 12:06:48 GMT" time="42.512" errors="0">
  <testcase name="test" time="42.512" classname="pvPolzovatel.SalesForecastThirtySeventhPol"/>
</testsuite> <!-- pvPolzovatel.SalesForecastThirtySeventhPol -->
