<?xml version="1.0" encoding="UTF-8"?>
<!-- Generated by org.testng.reporters.JUnitReportReporter -->
<testsuite skipped="0" hostname="MyHome" name="editingProfilePolzovatel.EditingProfileFortyFourthPol" tests="1" failures="0" timestamp="12 июн 2018 15:52:27 GMT" time="18.166" errors="0">
  <testcase name="test" time="18.166" classname="editingProfilePolzovatel.EditingProfileFortyFourthPol"/>
</testsuite> <!-- editingProfilePolzovatel.EditingProfileFortyFourthPol -->
