<?xml version="1.0" encoding="UTF-8"?>
<!-- Generated by org.testng.reporters.JUnitReportReporter -->
<testsuite skipped="0" hostname="MyHome" name="usersManager.AccountUsersOneHundredThirteenthMan" tests="1" failures="0" timestamp="13 июн 2018 14:40:53 GMT" time="30.262" errors="0">
  <testcase name="test" time="30.262" classname="usersManager.AccountUsersOneHundredThirteenthMan"/>
</testsuite> <!-- usersManager.AccountUsersOneHundredThirteenthMan -->
