<?xml version="1.0" encoding="UTF-8"?>
<!-- Generated by org.testng.reporters.JUnitReportReporter -->
<testsuite skipped="0" hostname="MyHome" name="udpPolzovatel.CashFlowManagementThreeHundredEighthPol" tests="1" failures="0" timestamp="10 июн 2018 19:12:42 GMT" time="130.026" errors="0">
  <testcase name="test" time="130.026" classname="udpPolzovatel.CashFlowManagementThreeHundredEighthPol"/>
</testsuite> <!-- udpPolzovatel.CashFlowManagementThreeHundredEighthPol -->
