<?xml version="1.0" encoding="UTF-8"?>
<!-- Generated by org.testng.reporters.JUnitReportReporter -->
<testsuite skipped="0" hostname="MyHome" name="udpPolzovatel.CashFlowManagementThirtyThirdPol" tests="1" failures="0" timestamp="10 июн 2018 18:58:15 GMT" time="37.074" errors="0">
  <testcase name="test" time="37.074" classname="udpPolzovatel.CashFlowManagementThirtyThirdPol"/>
</testsuite> <!-- udpPolzovatel.CashFlowManagementThirtyThirdPol -->
