<?xml version="1.0" encoding="UTF-8"?>
<!-- Generated by org.testng.reporters.JUnitReportReporter -->
<testsuite skipped="0" hostname="MyHome" name="rateManager.RateSeventyFourthMan" tests="1" failures="0" timestamp="12 июл 2018 08:10:12 GMT" time="22.132" errors="0">
  <testcase name="test" time="22.132" classname="rateManager.RateSeventyFourthMan"/>
</testsuite> <!-- rateManager.RateSeventyFourthMan -->
