<?xml version="1.0" encoding="UTF-8"?>
<!-- Generated by org.testng.reporters.JUnitReportReporter -->
<testsuite skipped="0" hostname="MyHome" name="pvManager.SalesForecastOneHundredSeventeenthMan" tests="1" failures="0" timestamp="11 июл 2018 12:58:33 GMT" time="63.594" errors="0">
  <testcase name="test" time="63.594" classname="pvManager.SalesForecastOneHundredSeventeenthMan"/>
</testsuite> <!-- pvManager.SalesForecastOneHundredSeventeenthMan -->
