<?xml version="1.0" encoding="UTF-8"?>
<!-- Generated by org.testng.reporters.JUnitReportReporter -->
<testsuite skipped="0" hostname="MyHome" name="udpManager.CashFlowManagementFourHundredSeventySecondMan" tests="1" failures="0" timestamp="10 июн 2018 10:54:27 GMT" time="52.305" errors="0">
  <testcase name="test" time="52.305" classname="udpManager.CashFlowManagementFourHundredSeventySecondMan"/>
</testsuite> <!-- udpManager.CashFlowManagementFourHundredSeventySecondMan -->
