<?xml version="1.0" encoding="UTF-8"?>
<!-- Generated by org.testng.reporters.JUnitReportReporter -->
<testsuite skipped="0" hostname="MyHome" name="usersManager.AccountUsersFiftyThirdMan" tests="1" failures="0" timestamp="27 мая 2018 15:21:04 GMT" time="38.631" errors="0">
  <testcase name="test" time="38.631" classname="usersManager.AccountUsersFiftyThirdMan"/>
</testsuite> <!-- usersManager.AccountUsersFiftyThirdMan -->
