<?xml version="1.0" encoding="UTF-8"?>
<!-- Generated by org.testng.reporters.JUnitReportReporter -->
<testsuite skipped="0" hostname="MyHome" name="udpManager.CashFlowManagementFiveHundredSeventySixthMan" tests="1" failures="0" timestamp="10 июн 2018 11:22:49 GMT" time="115.929" errors="0">
  <testcase name="test" time="115.929" classname="udpManager.CashFlowManagementFiveHundredSeventySixthMan"/>
</testsuite> <!-- udpManager.CashFlowManagementFiveHundredSeventySixthMan -->
