<?xml version="1.0" encoding="UTF-8"?>
<!-- Generated by org.testng.reporters.JUnitReportReporter -->
<testsuite skipped="0" hostname="MyHome" name="rate.RateOneHundredSeventyFirst" tests="1" failures="0" timestamp="21 фев 2019 09:18:45 GMT" time="718.001" errors="0">
  <testcase name="test" time="718.001" classname="rate.RateOneHundredSeventyFirst"/>
</testsuite> <!-- rate.RateOneHundredSeventyFirst -->
