<?xml version="1.0" encoding="UTF-8"?>
<!-- Generated by org.testng.reporters.JUnitReportReporter -->
<testsuite skipped="0" hostname="MyHome" name="ratePolzovatel.RateSeventyNinthPol" tests="1" failures="0" timestamp="11 июл 2018 07:23:13 GMT" time="21.276" errors="0">
  <testcase name="test" time="21.276" classname="ratePolzovatel.RateSeventyNinthPol"/>
</testsuite> <!-- ratePolzovatel.RateSeventyNinthPol -->
