<?xml version="1.0" encoding="UTF-8"?>
<!-- Generated by org.testng.reporters.JUnitReportReporter -->
<testsuite skipped="0" hostname="MyHome" name="udpManager.CashFlowManagementFourHundredThirteenthMan" tests="1" failures="0" timestamp="10 июн 2018 10:54:28 GMT" time="57.263" errors="0">
  <testcase name="test" time="57.263" classname="udpManager.CashFlowManagementFourHundredThirteenthMan"/>
</testsuite> <!-- udpManager.CashFlowManagementFourHundredThirteenthMan -->
