<?xml version="1.0" encoding="UTF-8"?>
<!-- Generated by org.testng.reporters.JUnitReportReporter -->
<testsuite skipped="0" hostname="MyHome" name="rate.RateTwentyNinth" tests="1" failures="0" timestamp="21 фев 2019 09:18:44 GMT" time="37.741" errors="0">
  <testcase name="test" time="37.741" classname="rate.RateTwentyNinth"/>
</testsuite> <!-- rate.RateTwentyNinth -->
