<?xml version="1.0" encoding="UTF-8"?>
<!-- Generated by org.testng.reporters.JUnitReportReporter -->
<testsuite hostname="MyHome" name="udp.CashFlowManagementThreeHundredTwentySecond" tests="1" failures="0" timestamp="31 Mar 2019 02:32:06 GMT" time="207.821" errors="0">
  <testcase name="test" time="207.821" classname="udp.CashFlowManagementThreeHundredTwentySecond"/>
</testsuite> <!-- udp.CashFlowManagementThreeHundredTwentySecond -->
