<?xml version="1.0" encoding="UTF-8"?>
<!-- Generated by org.testng.reporters.JUnitReportReporter -->
<testsuite skipped="0" hostname="MyHome" name="editingAccount.EditingAccountFifth" tests="1" failures="0" timestamp="21 мар 2019 21:03:17 GMT" time="18.740" errors="0">
  <testcase name="test" time="18.740" classname="editingAccount.EditingAccountFifth"/>
</testsuite> <!-- editingAccount.EditingAccountFifth -->
