<?xml version="1.0" encoding="UTF-8"?>
<!-- Generated by org.testng.reporters.JUnitReportReporter -->
<testsuite skipped="0" hostname="MyHome" name="udpManager.CashFlowManagementFiftySecondManPartTwo" tests="1" failures="0" timestamp="25 мая 2018 07:13:55 GMT" time="120.479" errors="0">
  <testcase name="test" time="120.479" classname="udpManager.CashFlowManagementFiftySecondManPartTwo"/>
</testsuite> <!-- udpManager.CashFlowManagementFiftySecondManPartTwo -->
