<?xml version="1.0" encoding="UTF-8"?>
<!-- Generated by org.testng.reporters.JUnitReportReporter -->
<testsuite skipped="0" hostname="MyHome" name="udpPolzovatel.CashFlowManagementOneHundredSeventySeventhPol" tests="1" failures="0" timestamp="10 июн 2018 18:58:14 GMT" time="29.673" errors="0">
  <testcase name="test" time="29.673" classname="udpPolzovatel.CashFlowManagementOneHundredSeventySeventhPol"/>
</testsuite> <!-- udpPolzovatel.CashFlowManagementOneHundredSeventySeventhPol -->
