<?xml version="1.0" encoding="UTF-8"?>
<!-- Generated by org.testng.reporters.JUnitReportReporter -->
<testsuite skipped="0" hostname="MyHome" name="udp.CashFlowManagementSeventeenth" tests="1" failures="0" timestamp="22 мар 2019 14:33:31 GMT" time="21.083" errors="0">
  <testcase name="test" time="21.083" classname="udp.CashFlowManagementSeventeenth"/>
</testsuite> <!-- udp.CashFlowManagementSeventeenth -->
