<?xml version="1.0" encoding="UTF-8"?>
<!-- Generated by org.testng.reporters.JUnitReportReporter -->
<testsuite skipped="0" hostname="MyHome" name="editingAccount.EditingAccountSixteenth" tests="1" failures="0" timestamp="21 мар 2019 21:06:01 GMT" time="66.519" errors="0">
  <testcase name="test" time="66.519" classname="editingAccount.EditingAccountSixteenth"/>
</testsuite> <!-- editingAccount.EditingAccountSixteenth -->
