<?xml version="1.0" encoding="UTF-8"?>
<!-- Generated by org.testng.reporters.JUnitReportReporter -->
<testsuite skipped="0" hostname="MyHome" name="udpManager.CashFlowManagementOneHundredThirtyFifthMan" tests="1" failures="0" timestamp="05 июн 2018 19:08:16 GMT" time="41.434" errors="0">
  <testcase name="test" time="41.434" classname="udpManager.CashFlowManagementOneHundredThirtyFifthMan"/>
</testsuite> <!-- udpManager.CashFlowManagementOneHundredThirtyFifthMan -->
