<?xml version="1.0" encoding="UTF-8"?>
<!-- Generated by org.testng.reporters.JUnitReportReporter -->
<testsuite skipped="0" hostname="MyHome" name="udpManager.CashFlowManagementNintyEighthMan" tests="1" failures="0" timestamp="05 июн 2018 18:58:20 GMT" time="68.360" errors="0">
  <testcase name="test" time="68.360" classname="udpManager.CashFlowManagementNintyEighthMan"/>
</testsuite> <!-- udpManager.CashFlowManagementNintyEighthMan -->
