<?xml version="1.0" encoding="UTF-8"?>
<!-- Generated by org.testng.reporters.JUnitReportReporter -->
<testsuite skipped="0" hostname="MyHome" name="udpManager.CashFlowManagementFiveHundredSeventyFifthMan" tests="1" failures="0" timestamp="10 июн 2018 10:54:27 GMT" time="113.816" errors="0">
  <testcase name="test" time="113.816" classname="udpManager.CashFlowManagementFiveHundredSeventyFifthMan"/>
</testsuite> <!-- udpManager.CashFlowManagementFiveHundredSeventyFifthMan -->
