<?xml version="1.0" encoding="UTF-8"?>
<!-- Generated by org.testng.reporters.JUnitReportReporter -->
<testsuite hostname="MyHome" name="tests.RefreshSupportPin_7" tests="1" failures="0" timestamp="3 Apr 2019 19:43:02 GMT" time="11.333" errors="0">
  <testcase name="test" time="11.333" classname="tests.RefreshSupportPin_7"/>
</testsuite> <!-- tests.RefreshSupportPin_7 -->
