<?xml version="1.0" encoding="UTF-8"?>
<!-- Generated by org.testng.reporters.JUnitReportReporter -->
<testsuite skipped="0" hostname="MyHome" name="commonPolzovatel.CommonFirstPol" tests="1" failures="0" timestamp="22 окт 2018 18:33:47 GMT" time="8.321" errors="0">
  <testcase name="test" time="8.321" classname="commonPolzovatel.CommonFirstPol"/>
</testsuite> <!-- commonPolzovatel.CommonFirstPol -->
