<?xml version="1.0" encoding="UTF-8"?>
<!-- Generated by org.testng.reporters.JUnitReportReporter -->
<testsuite skipped="0" hostname="MyHome" name="pv.SalesForecastOneHundredSecond" tests="1" failures="0" timestamp="22 мар 2019 00:52:11 GMT" time="80.830" errors="0">
  <testcase name="test" time="80.830" classname="pv.SalesForecastOneHundredSecond"/>
</testsuite> <!-- pv.SalesForecastOneHundredSecond -->
