<?xml version="1.0" encoding="UTF-8"?>
<!-- Generated by org.testng.reporters.JUnitReportReporter -->
<testsuite skipped="0" hostname="MyHome" name="centersManager.CentersTwentyNinthMan" tests="1" failures="0" timestamp="12 июл 2018 15:15:03 GMT" time="73.666" errors="0">
  <testcase name="test" time="73.666" classname="centersManager.CentersTwentyNinthMan"/>
</testsuite> <!-- centersManager.CentersTwentyNinthMan -->
