<?xml version="1.0" encoding="UTF-8"?>
<!-- Generated by org.testng.reporters.JUnitReportReporter -->
<testsuite skipped="0" hostname="MyHome" name="usersManager.AccountUsersSixthMan" tests="1" failures="0" timestamp="27 мая 2018 15:21:03 GMT" time="34.237" errors="0">
  <testcase name="test" time="34.237" classname="usersManager.AccountUsersSixthMan"/>
</testsuite> <!-- usersManager.AccountUsersSixthMan -->
