<?xml version="1.0" encoding="UTF-8"?>
<!-- Generated by org.testng.reporters.JUnitReportReporter -->
<testsuite skipped="0" hostname="MyHome" name="ratePolzovatel.RateOneHundredSeventyNinthPol" tests="1" failures="0" timestamp="11 июл 2018 07:30:47 GMT" time="14.840" errors="0">
  <testcase name="test" time="14.840" classname="ratePolzovatel.RateOneHundredSeventyNinthPol"/>
</testsuite> <!-- ratePolzovatel.RateOneHundredSeventyNinthPol -->
