<?xml version="1.0" encoding="UTF-8"?>
<!-- Generated by org.testng.reporters.JUnitReportReporter -->
<testsuite skipped="0" hostname="MyHome" name="udpPolzovatel.CashFlowManagementOneHundredSixtySecondPol" tests="1" failures="0" timestamp="03 июл 2018 07:10:42 GMT" time="21.790" errors="0">
  <testcase name="test" time="21.790" classname="udpPolzovatel.CashFlowManagementOneHundredSixtySecondPol"/>
</testsuite> <!-- udpPolzovatel.CashFlowManagementOneHundredSixtySecondPol -->
