<?xml version="1.0" encoding="UTF-8"?>
<!-- Generated by org.testng.reporters.JUnitReportReporter -->
<testsuite skipped="0" hostname="MyHome" name="rateManager.RateOneHundredFourtySeventhMan" tests="1" failures="0" timestamp="12 июл 2018 08:10:11 GMT" time="47.961" errors="0">
  <testcase name="test" time="47.961" classname="rateManager.RateOneHundredFourtySeventhMan"/>
</testsuite> <!-- rateManager.RateOneHundredFourtySeventhMan -->
