<?xml version="1.0" encoding="UTF-8"?>
<!-- Generated by org.testng.reporters.JUnitReportReporter -->
<testsuite skipped="0" hostname="MyHome" name="editingProfilePolzovatel.EditingProfileThirtySecondPol" tests="1" failures="0" timestamp="12 июн 2018 15:52:27 GMT" time="28.194" errors="0">
  <testcase name="test" time="28.194" classname="editingProfilePolzovatel.EditingProfileThirtySecondPol"/>
</testsuite> <!-- editingProfilePolzovatel.EditingProfileThirtySecondPol -->
