<?xml version="1.0" encoding="UTF-8"?>
<!-- Generated by org.testng.reporters.JUnitReportReporter -->
<testsuite skipped="0" hostname="MyHome" name="udpManager.CashFlowManagementOneHundredNintyFifthMan" tests="1" failures="0" timestamp="05 июн 2018 18:58:20 GMT" time="37.541" errors="0">
  <testcase name="test" time="37.541" classname="udpManager.CashFlowManagementOneHundredNintyFifthMan"/>
</testsuite> <!-- udpManager.CashFlowManagementOneHundredNintyFifthMan -->
