<?xml version="1.0" encoding="UTF-8"?>
<!-- Generated by org.testng.reporters.JUnitReportReporter -->
<testsuite hostname="MyHome" name="udp.CashFlowManagementFourHundredSeventies" tests="1" failures="0" timestamp="31 Mar 2019 02:32:06 GMT" time="85.506" errors="0">
  <testcase name="test" time="85.506" classname="udp.CashFlowManagementFourHundredSeventies"/>
</testsuite> <!-- udp.CashFlowManagementFourHundredSeventies -->
