<?xml version="1.0" encoding="UTF-8"?>
<!-- Generated by org.testng.reporters.JUnitReportReporter -->
<testsuite skipped="0" hostname="MyHome" name="udp.CashFlowManagementTwoHundredNintySecond" tests="1" failures="0" timestamp="22 мар 2019 14:33:31 GMT" time="179.385" errors="0">
  <testcase name="test" time="179.385" classname="udp.CashFlowManagementTwoHundredNintySecond"/>
</testsuite> <!-- udp.CashFlowManagementTwoHundredNintySecond -->
