<?xml version="1.0" encoding="UTF-8"?>
<!-- Generated by org.testng.reporters.JUnitReportReporter -->
<testsuite skipped="0" hostname="MyHome" name="pv.SalesForecastOneHundredEighteenth" tests="1" failures="0" timestamp="23 мар 2019 08:37:17 GMT" time="84.793" errors="0">
  <testcase name="test" time="84.793" classname="pv.SalesForecastOneHundredEighteenth"/>
</testsuite> <!-- pv.SalesForecastOneHundredEighteenth -->
