<?xml version="1.0" encoding="UTF-8"?>
<!-- Generated by org.testng.reporters.JUnitReportReporter -->
<testsuite hostname="MyHome" name="udp.CashFlowManagementThreeHundredSeventySeventh" tests="1" failures="0" timestamp="31 Mar 2019 02:32:07 GMT" time="35.514" errors="0">
  <testcase name="test" time="35.514" classname="udp.CashFlowManagementThreeHundredSeventySeventh"/>
</testsuite> <!-- udp.CashFlowManagementThreeHundredSeventySeventh -->
