<?xml version="1.0" encoding="UTF-8"?>
<!-- Generated by org.testng.reporters.JUnitReportReporter -->
<testsuite skipped="0" hostname="MyHome" name="editingProfilePolzovatel.EditingProfileSixteenthPol" tests="1" failures="0" timestamp="12 июн 2018 15:52:28 GMT" time="27.441" errors="0">
  <testcase name="test" time="27.441" classname="editingProfilePolzovatel.EditingProfileSixteenthPol"/>
</testsuite> <!-- editingProfilePolzovatel.EditingProfileSixteenthPol -->
