<?xml version="1.0" encoding="UTF-8"?>
<!-- Generated by org.testng.reporters.JUnitReportReporter -->
<testsuite skipped="0" hostname="MyHome" name="udpPolzovatel.CashFlowManagementThreeHundredFiftyFirstPol" tests="1" failures="0" timestamp="10 июн 2018 18:58:12 GMT" time="136.370" errors="0">
  <testcase name="test" time="136.370" classname="udpPolzovatel.CashFlowManagementThreeHundredFiftyFirstPol"/>
</testsuite> <!-- udpPolzovatel.CashFlowManagementThreeHundredFiftyFirstPol -->
