<?xml version="1.0" encoding="UTF-8"?>
<!-- Generated by org.testng.reporters.JUnitReportReporter -->
<testsuite hostname="MyHome" name="users.AccountUsersOneHundredTwentyFourthSecondPart" tests="1" failures="0" timestamp="31 Mar 2019 12:10:40 GMT" time="23.564" errors="0">
  <testcase name="test" time="23.564" classname="users.AccountUsersOneHundredTwentyFourthSecondPart"/>
</testsuite> <!-- users.AccountUsersOneHundredTwentyFourthSecondPart -->
