<?xml version="1.0" encoding="UTF-8"?>
<!-- Generated by org.testng.reporters.JUnitReportReporter -->
<testsuite skipped="0" hostname="MyHome" name="udp.CashFlowManagementTwoHundredSixtyFirst" tests="1" failures="0" timestamp="22 мар 2019 23:46:48 GMT" time="63.012" errors="0">
  <testcase name="test" time="63.012" classname="udp.CashFlowManagementTwoHundredSixtyFirst"/>
</testsuite> <!-- udp.CashFlowManagementTwoHundredSixtyFirst -->
