<?xml version="1.0" encoding="UTF-8"?>
<!-- Generated by org.testng.reporters.JUnitReportReporter -->
<testsuite skipped="0" hostname="MyHome" name="udpManager.CashFlowManagementFiftySecondPartTwoMan" tests="1" failures="0" timestamp="05 июн 2018 15:03:36 GMT" time="130.484" errors="0">
  <testcase name="test" time="130.484" classname="udpManager.CashFlowManagementFiftySecondPartTwoMan"/>
</testsuite> <!-- udpManager.CashFlowManagementFiftySecondPartTwoMan -->
