<?xml version="1.0" encoding="UTF-8"?>
<!-- Generated by org.testng.reporters.JUnitReportReporter -->
<testsuite skipped="0" hostname="MyHome" name="editingProfilePolzovatel.EditingProfileThirtyFifthPol" tests="1" failures="0" timestamp="12 июн 2018 15:52:28 GMT" time="18.080" errors="0">
  <testcase name="test" time="18.080" classname="editingProfilePolzovatel.EditingProfileThirtyFifthPol"/>
</testsuite> <!-- editingProfilePolzovatel.EditingProfileThirtyFifthPol -->
