<?xml version="1.0" encoding="UTF-8"?>
<!-- Generated by org.testng.reporters.JUnitReportReporter -->
<testsuite skipped="0" hostname="MyHome" name="rate.RateOneHundredEleventh" tests="1" failures="0" timestamp="21 фев 2019 09:18:45 GMT" time="12.832" errors="0">
  <testcase name="test" time="12.832" classname="rate.RateOneHundredEleventh"/>
</testsuite> <!-- rate.RateOneHundredEleventh -->
