<?xml version="1.0" encoding="UTF-8"?>
<!-- Generated by org.testng.reporters.JUnitReportReporter -->
<testsuite hostname="MyHome" name="accountSettings.AuthorizationNonexistentUser_2" tests="1" failures="0" timestamp="3 Apr 2019 11:04:42 GMT" time="8.180" errors="0">
  <testcase name="test" time="8.180" classname="accountSettings.AuthorizationNonexistentUser_2"/>
</testsuite> <!-- accountSettings.AuthorizationNonexistentUser_2 -->
