<?xml version="1.0" encoding="UTF-8"?>
<!-- Generated by org.testng.reporters.JUnitReportReporter -->
<testsuite hostname="MyHome" name="users.AccountUsersNintySecond" tests="1" failures="0" timestamp="31 Mar 2019 12:10:40 GMT" time="24.779" errors="0">
  <testcase name="test" time="24.779" classname="users.AccountUsersNintySecond"/>
</testsuite> <!-- users.AccountUsersNintySecond -->
