<?xml version="1.0" encoding="UTF-8"?>
<!-- Generated by org.testng.reporters.JUnitReportReporter -->
<testsuite hostname="MyHome" name="udp.CashFlowManagementFiveHundredSeventyFourth" tests="1" failures="0" timestamp="31 Mar 2019 02:32:06 GMT" time="46.452" errors="0">
  <testcase name="test" time="46.452" classname="udp.CashFlowManagementFiveHundredSeventyFourth"/>
</testsuite> <!-- udp.CashFlowManagementFiveHundredSeventyFourth -->
