<?xml version="1.0" encoding="UTF-8"?>
<!-- Generated by org.testng.reporters.JUnitReportReporter -->
<testsuite skipped="0" hostname="MyHome" name="entrance.EntranceTwenties" tests="1" failures="0" timestamp="09 июл 2018 14:12:56 GMT" time="9.864" errors="0">
  <testcase name="test" time="9.864" classname="entrance.EntranceTwenties"/>
</testsuite> <!-- entrance.EntranceTwenties -->
