<?xml version="1.0" encoding="UTF-8"?>
<!-- Generated by org.testng.reporters.JUnitReportReporter -->
<testsuite hostname="MyHome" name="users.AccountUsersSeventyEighthPv" tests="1" failures="0" timestamp="31 Mar 2019 12:10:40 GMT" time="5.083" errors="0">
  <testcase name="test" time="5.083" classname="users.AccountUsersSeventyEighthPv"/>
</testsuite> <!-- users.AccountUsersSeventyEighthPv -->
