<?xml version="1.0" encoding="UTF-8"?>
<!-- Generated by org.testng.reporters.JUnitReportReporter -->
<testsuite hostname="MyHome" name="centers.CentersFortieth" tests="1" failures="0" timestamp="31 Mar 2019 12:10:40 GMT" time="48.301" errors="0">
  <testcase name="test" time="48.301" classname="centers.CentersFortieth"/>
</testsuite> <!-- centers.CentersFortieth -->
