<?xml version="1.0" encoding="UTF-8"?>
<!-- Generated by org.testng.reporters.JUnitReportReporter -->
<testsuite hostname="MyHome" name="udp.CashFlowManagementFourHundredSecond" tests="1" failures="0" timestamp="31 Mar 2019 02:32:07 GMT" time="149.202" errors="0">
  <testcase name="test" time="149.202" classname="udp.CashFlowManagementFourHundredSecond"/>
</testsuite> <!-- udp.CashFlowManagementFourHundredSecond -->
