<?xml version="1.0" encoding="UTF-8"?>
<!-- Generated by org.testng.reporters.JUnitReportReporter -->
<testsuite skipped="0" hostname="MyHome" name="udpManager.CashFlowManagementFourHundredTwentySecondMan" tests="1" failures="0" timestamp="10 июн 2018 10:54:27 GMT" time="72.532" errors="0">
  <testcase name="test" time="72.532" classname="udpManager.CashFlowManagementFourHundredTwentySecondMan"/>
</testsuite> <!-- udpManager.CashFlowManagementFourHundredTwentySecondMan -->
