<?xml version="1.0" encoding="UTF-8"?>
<!-- Generated by org.testng.reporters.JUnitReportReporter -->
<testsuite skipped="0" hostname="MyHome" name="rateManager.RateThirtyFifthMan" tests="1" failures="0" timestamp="12 июл 2018 08:10:11 GMT" time="50.068" errors="0">
  <testcase name="test" time="50.068" classname="rateManager.RateThirtyFifthMan"/>
</testsuite> <!-- rateManager.RateThirtyFifthMan -->
