<?xml version="1.0" encoding="UTF-8"?>
<!-- Generated by org.testng.reporters.JUnitReportReporter -->
<testsuite skipped="0" hostname="MyHome" name="udpManager.CashFlowManagementThreeHundredFifthMan" tests="1" failures="0" timestamp="06 июн 2018 09:20:11 GMT" time="130.718" errors="0">
  <testcase name="test" time="130.718" classname="udpManager.CashFlowManagementThreeHundredFifthMan"/>
</testsuite> <!-- udpManager.CashFlowManagementThreeHundredFifthMan -->
