<?xml version="1.0" encoding="UTF-8"?>
<!-- Generated by org.testng.reporters.JUnitReportReporter -->
<testsuite skipped="0" hostname="MyHome" name="centersManager.CentersSixtySixthMan" tests="1" failures="0" timestamp="12 июл 2018 15:15:03 GMT" time="72.182" errors="0">
  <testcase name="test" time="72.182" classname="centersManager.CentersSixtySixthMan"/>
</testsuite> <!-- centersManager.CentersSixtySixthMan -->
