<?xml version="1.0" encoding="UTF-8"?>
<!-- Generated by org.testng.reporters.JUnitReportReporter -->
<testsuite skipped="0" hostname="MyHome" name="udpPolzovatel.CashFlowManagementTwoHundredFortyNinthPol" tests="1" failures="0" timestamp="04 июл 2018 14:57:25 GMT" time="59.795" errors="0">
  <testcase name="test" time="59.795" classname="udpPolzovatel.CashFlowManagementTwoHundredFortyNinthPol"/>
</testsuite> <!-- udpPolzovatel.CashFlowManagementTwoHundredFortyNinthPol -->
