<?xml version="1.0" encoding="UTF-8"?>
<!-- Generated by org.testng.reporters.JUnitReportReporter -->
<testsuite skipped="0" hostname="MyHome" name="common.CommonSecond" tests="1" failures="0" timestamp="21 мар 2019 21:09:06 GMT" time="8.336" errors="0">
  <testcase name="test" time="8.336" classname="common.CommonSecond"/>
</testsuite> <!-- common.CommonSecond -->
