<?xml version="1.0" encoding="UTF-8"?>
<!-- Generated by org.testng.reporters.JUnitReportReporter -->
<testsuite skipped="0" hostname="MyHome" name="usersManager.AccountUsersThirtyNinthMan" tests="1" failures="0" timestamp="27 мая 2018 15:21:03 GMT" time="38.909" errors="0">
  <testcase name="test" time="38.909" classname="usersManager.AccountUsersThirtyNinthMan"/>
</testsuite> <!-- usersManager.AccountUsersThirtyNinthMan -->
