<?xml version="1.0" encoding="UTF-8"?>
<!-- Generated by org.testng.reporters.JUnitReportReporter -->
<testsuite skipped="0" hostname="MyHome" name="udp.CashFlowManagementThirtyNinth" tests="1" failures="0" timestamp="22 мар 2019 14:33:32 GMT" time="39.092" errors="0">
  <testcase name="test" time="39.092" classname="udp.CashFlowManagementThirtyNinth"/>
</testsuite> <!-- udp.CashFlowManagementThirtyNinth -->
