<?xml version="1.0" encoding="UTF-8"?>
<!-- Generated by org.testng.reporters.JUnitReportReporter -->
<testsuite skipped="0" hostname="MyHome" name="udp.CashFlowManagementNinth" tests="1" failures="0" timestamp="01 мар 2019 12:21:34 GMT" time="37.558" errors="0">
  <testcase name="test" time="37.558" classname="udp.CashFlowManagementNinth"/>
</testsuite> <!-- udp.CashFlowManagementNinth -->
