<?xml version="1.0" encoding="UTF-8"?>
<!-- Generated by org.testng.reporters.JUnitReportReporter -->
<testsuite hostname="MyHome" name="udp.CashFlowManagementFourHundredFortyNinth" tests="1" failures="0" timestamp="31 Mar 2019 02:32:07 GMT" time="57.187" errors="0">
  <testcase name="test" time="57.187" classname="udp.CashFlowManagementFourHundredFortyNinth"/>
</testsuite> <!-- udp.CashFlowManagementFourHundredFortyNinth -->
