<?xml version="1.0" encoding="UTF-8"?>
<!-- Generated by org.testng.reporters.JUnitReportReporter -->
<testsuite skipped="0" hostname="MyHome" name="editingProfileManager.EditingProfileTwentySecondPartTwoMan" tests="1" failures="0" timestamp="12 июн 2018 15:52:27 GMT" time="11.336" errors="0">
  <testcase name="test" time="11.336" classname="editingProfileManager.EditingProfileTwentySecondPartTwoMan"/>
</testsuite> <!-- editingProfileManager.EditingProfileTwentySecondPartTwoMan -->
