<?xml version="1.0" encoding="UTF-8"?>
<!-- Generated by org.testng.reporters.JUnitReportReporter -->
<testsuite skipped="0" hostname="MyHome" name="udpPolzovatel.CashFlowManagementThreeHundredNintySecondPol" tests="1" failures="0" timestamp="10 июн 2018 18:58:13 GMT" time="19.422" errors="0">
  <testcase name="test" time="19.422" classname="udpPolzovatel.CashFlowManagementThreeHundredNintySecondPol"/>
</testsuite> <!-- udpPolzovatel.CashFlowManagementThreeHundredNintySecondPol -->
