<?xml version="1.0" encoding="UTF-8"?>
<!-- Generated by org.testng.reporters.JUnitReportReporter -->
<testsuite hostname="MyHome" name="udp.CashFlowManagementThreeHundredTwentyEighth" tests="1" failures="0" timestamp="31 Mar 2019 02:32:06 GMT" time="215.943" errors="0">
  <testcase name="test" time="215.943" classname="udp.CashFlowManagementThreeHundredTwentyEighth"/>
</testsuite> <!-- udp.CashFlowManagementThreeHundredTwentyEighth -->
