<?xml version="1.0" encoding="UTF-8"?>
<!-- Generated by org.testng.reporters.JUnitReportReporter -->
<testsuite skipped="0" hostname="MyHome" name="rate.RateSeventyFourth" tests="1" failures="0" timestamp="21 фев 2019 09:18:44 GMT" time="15.230" errors="0">
  <testcase name="test" time="15.230" classname="rate.RateSeventyFourth"/>
</testsuite> <!-- rate.RateSeventyFourth -->
