<?xml version="1.0" encoding="UTF-8"?>
<!-- Generated by org.testng.reporters.JUnitReportReporter -->
<testsuite hostname="MyHome" name="accountSettings.Logout_5" tests="1" failures="0" timestamp="3 Apr 2019 11:33:08 GMT" time="10.138" errors="0">
  <testcase name="test" time="10.138" classname="accountSettings.Logout_5"/>
</testsuite> <!-- accountSettings.Logout_5 -->
