<?xml version="1.0" encoding="UTF-8"?>
<!-- Generated by org.testng.reporters.JUnitReportReporter -->
<testsuite skipped="0" hostname="MyHome" name="udpManager.CashFlowManagementThreeHundredNintyFourthMan" tests="1" failures="0" timestamp="10 июн 2018 10:54:28 GMT" time="109.890" errors="0">
  <testcase name="test" time="109.890" classname="udpManager.CashFlowManagementThreeHundredNintyFourthMan"/>
</testsuite> <!-- udpManager.CashFlowManagementThreeHundredNintyFourthMan -->
