<?xml version="1.0" encoding="UTF-8"?>
<!-- Generated by org.testng.reporters.JUnitReportReporter -->
<testsuite skipped="0" hostname="MyHome" name="usersManager.AccountUsersOneHundredTwentyFourthMan" tests="1" failures="0" timestamp="13 июн 2018 14:40:53 GMT" time="35.193" errors="0">
  <testcase name="test" time="35.193" classname="usersManager.AccountUsersOneHundredTwentyFourthMan"/>
</testsuite> <!-- usersManager.AccountUsersOneHundredTwentyFourthMan -->
