<?xml version="1.0" encoding="UTF-8"?>
<!-- Generated by org.testng.reporters.JUnitReportReporter -->
<testsuite skipped="0" hostname="MyHome" name="udp.CashFlowManagementOneHundredSixtyFirst" tests="1" failures="0" timestamp="22 мар 2019 14:33:31 GMT" time="102.022" errors="0">
  <testcase name="test" time="102.022" classname="udp.CashFlowManagementOneHundredSixtyFirst"/>
</testsuite> <!-- udp.CashFlowManagementOneHundredSixtyFirst -->
