<?xml version="1.0" encoding="UTF-8"?>
<!-- Generated by org.testng.reporters.JUnitReportReporter -->
<testsuite skipped="0" hostname="MyHome" name="udpPolzovatel.CashFlowManagementThreeHundredNintyFirstPol" tests="1" failures="0" timestamp="10 июн 2018 18:58:15 GMT" time="43.653" errors="0">
  <testcase name="test" time="43.653" classname="udpPolzovatel.CashFlowManagementThreeHundredNintyFirstPol"/>
</testsuite> <!-- udpPolzovatel.CashFlowManagementThreeHundredNintyFirstPol -->
