<?xml version="1.0" encoding="UTF-8"?>
<!-- Generated by org.testng.reporters.JUnitReportReporter -->
<testsuite skipped="0" hostname="MyHome" name="rate.RateNinetyNinth" tests="1" failures="0" timestamp="21 фев 2019 09:18:45 GMT" time="182.542" errors="0">
  <testcase name="test" time="182.542" classname="rate.RateNinetyNinth"/>
</testsuite> <!-- rate.RateNinetyNinth -->
