<?xml version="1.0" encoding="UTF-8"?>
<!-- Generated by org.testng.reporters.JUnitReportReporter -->
<testsuite skipped="0" hostname="MyHome" name="udpPolzovatel.CashFlowManagementFourHundredNintyNinthPol" tests="1" failures="0" timestamp="05 июл 2018 14:08:31 GMT" time="28.174" errors="0">
  <testcase name="test" time="28.174" classname="udpPolzovatel.CashFlowManagementFourHundredNintyNinthPol"/>
</testsuite> <!-- udpPolzovatel.CashFlowManagementFourHundredNintyNinthPol -->
