<?xml version="1.0" encoding="UTF-8"?>
<!-- Generated by org.testng.reporters.JUnitReportReporter -->
<testsuite skipped="0" hostname="MyHome" name="editingAccount.EditingAccountTwentyThirdSecondPart" tests="1" failures="0" timestamp="21 мар 2019 21:03:17 GMT" time="15.403" errors="0">
  <testcase name="test" time="15.403" classname="editingAccount.EditingAccountTwentyThirdSecondPart"/>
</testsuite> <!-- editingAccount.EditingAccountTwentyThirdSecondPart -->
