<?xml version="1.0" encoding="UTF-8"?>
<!-- Generated by org.testng.reporters.JUnitReportReporter -->
<testsuite skipped="0" hostname="MyHome" name="ratePolzovatel.RateOneHundredTwentySecondPol" tests="1" failures="0" timestamp="11 июл 2018 07:30:47 GMT" time="16.187" errors="0">
  <testcase name="test" time="16.187" classname="ratePolzovatel.RateOneHundredTwentySecondPol"/>
</testsuite> <!-- ratePolzovatel.RateOneHundredTwentySecondPol -->
