<?xml version="1.0" encoding="UTF-8"?>
<!-- Generated by org.testng.reporters.JUnitReportReporter -->
<testsuite skipped="0" hostname="MyHome" name="udp.CashFlowManagementFifth" tests="1" failures="0" timestamp="01 мар 2019 12:21:33 GMT" time="30.652" errors="0">
  <testcase name="test" time="30.652" classname="udp.CashFlowManagementFifth"/>
</testsuite> <!-- udp.CashFlowManagementFifth -->
