<?xml version="1.0" encoding="UTF-8"?>
<!-- Generated by org.testng.reporters.JUnitReportReporter -->
<testsuite skipped="0" hostname="MyHome" name="commonManager.CommonTenthMan" tests="1" failures="0" timestamp="22 окт 2018 18:33:47 GMT" time="8.081" errors="0">
  <testcase name="test" time="8.081" classname="commonManager.CommonTenthMan"/>
</testsuite> <!-- commonManager.CommonTenthMan -->
