<?xml version="1.0" encoding="UTF-8"?>
<!-- Generated by org.testng.reporters.JUnitReportReporter -->
<testsuite skipped="0" hostname="MyHome" name="rateManager.RateOneHundredSeventeenthMan" tests="1" failures="0" timestamp="12 июл 2018 08:10:12 GMT" time="16.323" errors="0">
  <testcase name="test" time="16.323" classname="rateManager.RateOneHundredSeventeenthMan"/>
</testsuite> <!-- rateManager.RateOneHundredSeventeenthMan -->
