<?xml version="1.0" encoding="UTF-8"?>
<!-- Generated by org.testng.reporters.JUnitReportReporter -->
<testsuite skipped="0" hostname="MyHome" name="rate.RateThirtyFirst" tests="1" failures="0" timestamp="21 фев 2019 09:18:44 GMT" time="32.722" errors="0">
  <testcase name="test" time="32.722" classname="rate.RateThirtyFirst"/>
</testsuite> <!-- rate.RateThirtyFirst -->
