<?xml version="1.0" encoding="UTF-8"?>
<!-- Generated by org.testng.reporters.JUnitReportReporter -->
<testsuite hostname="MyHome" name="users.AccountUsersOneHundredFifth" tests="1" failures="0" timestamp="31 Mar 2019 12:10:40 GMT" time="8.163" errors="0">
  <testcase name="test" time="8.163" classname="users.AccountUsersOneHundredFifth"/>
</testsuite> <!-- users.AccountUsersOneHundredFifth -->
