<?xml version="1.0" encoding="UTF-8"?>
<!-- Generated by org.testng.reporters.JUnitReportReporter -->
<testsuite skipped="0" hostname="MyHome" name="udp.CashFlowManagementOneHundredTwelfth" tests="1" failures="0" timestamp="18 дек 2018 08:27:56 GMT" time="12.809" errors="0">
  <testcase name="test" time="12.809" classname="udp.CashFlowManagementOneHundredTwelfth"/>
</testsuite> <!-- udp.CashFlowManagementOneHundredTwelfth -->
