<?xml version="1.0" encoding="UTF-8"?>
<!-- Generated by org.testng.reporters.JUnitReportReporter -->
<testsuite skipped="0" hostname="MyHome" name="pvManager.SalesForecastTwentyThirdMan" tests="1" failures="0" timestamp="11 июл 2018 12:58:32 GMT" time="87.205" errors="0">
  <testcase name="test" time="87.205" classname="pvManager.SalesForecastTwentyThirdMan"/>
</testsuite> <!-- pvManager.SalesForecastTwentyThirdMan -->
