<?xml version="1.0" encoding="UTF-8"?>
<!-- Generated by org.testng.reporters.JUnitReportReporter -->
<testsuite skipped="0" hostname="MyHome" name="rate.RateOneHundredFiftyNinth" tests="1" failures="0" timestamp="21 фев 2019 09:18:43 GMT" time="9.740" errors="0">
  <testcase name="test" time="9.740" classname="rate.RateOneHundredFiftyNinth"/>
</testsuite> <!-- rate.RateOneHundredFiftyNinth -->
