<?xml version="1.0" encoding="UTF-8"?>
<!-- Generated by org.testng.reporters.JUnitReportReporter -->
<testsuite skipped="0" hostname="omishchenko" name="users.AccountUsersOneHundredTwentyFourth" tests="1" failures="0" timestamp="20 окт 2018 01:32:56 GMT" time="36.329" errors="0">
  <testcase name="test" time="36.329" classname="users.AccountUsersOneHundredTwentyFourth"/>
</testsuite> <!-- users.AccountUsersOneHundredTwentyFourth -->
