<?xml version="1.0" encoding="UTF-8"?>
<!-- Generated by org.testng.reporters.JUnitReportReporter -->
<testsuite hostname="MyHome" name="udp.CashFlowManagementFourHundredNintySecondPartTwo" tests="1" failures="0" timestamp="31 Mar 2019 02:32:06 GMT" time="193.131" errors="0">
  <testcase name="test" time="193.131" classname="udp.CashFlowManagementFourHundredNintySecondPartTwo"/>
</testsuite> <!-- udp.CashFlowManagementFourHundredNintySecondPartTwo -->
