<?xml version="1.0" encoding="UTF-8"?>
<!-- Generated by org.testng.reporters.JUnitReportReporter -->
<testsuite skipped="0" hostname="MyHome" name="udp.CashFlowManagementOneHundredEightyFifth" tests="1" failures="0" timestamp="22 мар 2019 14:33:32 GMT" time="85.956" errors="0">
  <testcase name="test" time="85.956" classname="udp.CashFlowManagementOneHundredEightyFifth"/>
</testsuite> <!-- udp.CashFlowManagementOneHundredEightyFifth -->
