<?xml version="1.0" encoding="UTF-8"?>
<!-- Generated by org.testng.reporters.JUnitReportReporter -->
<testsuite skipped="0" hostname="MyHome" name="editingAccount.EditingAccountTwentyFourth" tests="1" failures="0" timestamp="21 мар 2019 21:03:17 GMT" time="20.164" errors="0">
  <testcase name="test" time="20.164" classname="editingAccount.EditingAccountTwentyFourth"/>
</testsuite> <!-- editingAccount.EditingAccountTwentyFourth -->
