<?xml version="1.0" encoding="UTF-8"?>
<!-- Generated by org.testng.reporters.JUnitReportReporter -->
<testsuite skipped="0" hostname="omishchenko" name="centers.CentersSixtySixthPartTwo" tests="1" failures="0" timestamp="19 окт 2018 19:22:45 GMT" time="66.695" errors="0">
  <testcase name="test" time="66.695" classname="centers.CentersSixtySixthPartTwo"/>
</testsuite> <!-- centers.CentersSixtySixthPartTwo -->
