<?xml version="1.0" encoding="UTF-8"?>
<!-- Generated by org.testng.reporters.JUnitReportReporter -->
<testsuite skipped="0" hostname="MyHome" name="udpPolzovatel.CashFlowManagementFirstPol" tests="1" failures="0" timestamp="07 июн 2018 09:49:43 GMT" time="20.959" errors="0">
  <testcase name="test" time="20.959" classname="udpPolzovatel.CashFlowManagementFirstPol"/>
</testsuite> <!-- udpPolzovatel.CashFlowManagementFirstPol -->
