<?xml version="1.0" encoding="UTF-8"?>
<!-- Generated by org.testng.reporters.JUnitReportReporter -->
<testsuite skipped="0" hostname="MyHome" name="rateManager.RateSeventhMan" tests="1" failures="0" timestamp="12 июл 2018 08:10:12 GMT" time="16.806" errors="0">
  <testcase name="test" time="16.806" classname="rateManager.RateSeventhMan"/>
</testsuite> <!-- rateManager.RateSeventhMan -->
