<?xml version="1.0" encoding="UTF-8"?>
<!-- Generated by org.testng.reporters.JUnitReportReporter -->
<testsuite hostname="MyHome" name="udp.CashFlowManagementTwoHundredSixtySecond" tests="1" failures="0" timestamp="2 Apr 2019 08:57:25 GMT" time="63.225" errors="0">
  <testcase name="test" time="63.225" classname="udp.CashFlowManagementTwoHundredSixtySecond"/>
</testsuite> <!-- udp.CashFlowManagementTwoHundredSixtySecond -->
