<?xml version="1.0" encoding="UTF-8"?>
<!-- Generated by org.testng.reporters.JUnitReportReporter -->
<testsuite skipped="0" hostname="MyHome" name="rate.RateThirtyNinth" tests="1" failures="0" timestamp="21 фев 2019 09:18:44 GMT" time="16.069" errors="0">
  <testcase name="test" time="16.069" classname="rate.RateThirtyNinth"/>
</testsuite> <!-- rate.RateThirtyNinth -->
