<?xml version="1.0" encoding="UTF-8"?>
<!-- Generated by org.testng.reporters.JUnitReportReporter -->
<testsuite skipped="0" hostname="MyHome" name="udpManager.CashFlowManagementOneHundredFiftyFifthMan" tests="1" failures="0" timestamp="05 июн 2018 19:19:18 GMT" time="51.105" errors="0">
  <testcase name="test" time="51.105" classname="udpManager.CashFlowManagementOneHundredFiftyFifthMan"/>
</testsuite> <!-- udpManager.CashFlowManagementOneHundredFiftyFifthMan -->
